
> math-universe-visualizations@0.1.0 dev
> vite --host 0.0.0.0 --port 3344


  [32m[1mVITE[22m v6.4.2[39m  [2mready in [0m[1m384[22m[2m[0m ms[22m

  [32m➜[39m  [1mLocal[22m:   [36mhttp://localhost:[1m3344[22m/[39m
  [32m➜[39m  [1mNetwork[22m: [36mhttp://192.168.56.1:[1m3344[22m/[39m
  [32m➜[39m  [1mNetwork[22m: [36mhttp://172.28.128.1:[1m3344[22m/[39m
  [32m➜[39m  [1mNetwork[22m: [36mhttp://10.51.167.204:[1m3344[22m/[39m
[2m8:25:51 pm[22m [36m[1m[vite][22m[39m [90m[2m(client)[22m[39m [32m✨ new dependencies optimized: [33mworkbox-window[32m[39m
[2m8:25:51 pm[22m [36m[1m[vite][22m[39m [90m[2m(client)[22m[39m [32m✨ optimized dependencies changed. reloading[39m

PWA v1.3.0
mode      generateSW
precache  1 entries (0.00 KiB)
files generated
  dev-dist/sw.js
  dev-dist/workbox-6d4f622d.js
[2m8:38:25 pm[22m [36m[1m[vite][22m[39m [90m[2m(client)[22m[39m [32mhmr update [39m[2m/src/pages/MathWorkspace.tsx, /src/index.css[22m
[2m8:38:33 pm[22m [36m[1m[vite][22m[39m [90m[2m(client)[22m[39m [32mhmr update [39m[2m/src/pages/MathWorkspace.tsx, /src/index.css[22m
[2m8:38:44 pm[22m [36m[1m[vite][22m[39m [90m[2m(client)[22m[39m [32mhmr update [39m[2m/src/pages/MathWorkspace.tsx, /src/index.css[22m
[2m8:38:57 pm[22m [36m[1m[vite][22m[39m [90m[2m(client)[22m[39m [32mhmr update [39m[2m/src/pages/MathWorkspace.tsx, /src/index.css[22m
[2m8:39:02 pm[22m [36m[1m[vite][22m[39m [90m[2m(client)[22m[39m [32mhmr update [39m[2m/src/pages/MathWorkspace.tsx, /src/index.css[22m
[2m8:40:09 pm[22m [36m[1m[vite][22m[39m [90m[2m(client)[22m[39m [32mhmr update [39m[2m/src/index.css, /src/pages/MathWorkspace.tsx, /src/components/workspace/WorkspaceShell.tsx, /src/components/workspace/ObjectList.tsx[22m
[2m8:40:18 pm[22m [36m[1m[vite][22m[39m [90m[2m(client)[22m[39m [32mhmr update [39m[2m/src/index.css, /src/pages/MathWorkspace.tsx[22m
[2m8:42:08 pm[22m [36m[1m[vite][22m[39m [90m[2m(client)[22m[39m [32mhmr update [39m[2m/src/pages/MathWorkspace.tsx, /src/index.css[22m
[2m8:42:13 pm[22m [36m[1m[vite][22m[39m [90m[2m(client)[22m[39m [32mhmr update [39m[2m/src/pages/MathWorkspace.tsx, /src/index.css[22m
[2m8:42:45 pm[22m [36m[1m[vite][22m[39m [90m[2m(client)[22m[39m [32mhmr update [39m[2m/src/pages/MathWorkspace.tsx, /src/index.css[22m
[2m8:42:59 pm[22m [36m[1m[vite][22m[39m [90m[2m(client)[22m[39m [32mhmr update [39m[2m/src/index.css, /src/pages/MathWorkspace.tsx[22m
[2m8:43:17 pm[22m [36m[1m[vite][22m[39m [90m[2m(client)[22m[39m [32mhmr update [39m[2m/src/pages/MathWorkspace.tsx, /src/index.css[22m
[2m8:44:24 pm[22m [36m[1m[vite][22m[39m [90m[2m(client)[22m[39m [32mhmr update [39m[2m/src/pages/MathWorkspace.tsx, /src/index.css[22m
[2m8:46:28 pm[22m [36m[1m[vite][22m[39m [90m[2m(client)[22m[39m [32mhmr update [39m[2m/src/pages/MathWorkspace.tsx, /src/index.css[22m
[2m8:46:37 pm[22m [36m[1m[vite][22m[39m [90m[2m(client)[22m[39m [32mhmr update [39m[2m/src/pages/MathWorkspace.tsx, /src/index.css[22m
[2m8:46:46 pm[22m [36m[1m[vite][22m[39m [90m[2m(client)[22m[39m [32mhmr update [39m[2m/src/index.css, /src/pages/MathWorkspace.tsx[22m
[2m8:47:03 pm[22m [36m[1m[vite][22m[39m [90m[2m(client)[22m[39m [32mhmr update [39m[2m/src/pages/MathWorkspace.tsx, /src/index.css[22m
[2m8:48:57 pm[22m [36m[1m[vite][22m[39m [90m[2m(client)[22m[39m [32mhmr update [39m[2m/src/pages/MathWorkspace.tsx, /src/index.css[22m
[2m8:49:05 pm[22m [36m[1m[vite][22m[39m [90m[2m(client)[22m[39m [32mhmr update [39m[2m/src/pages/MathWorkspace.tsx, /src/index.css[22m
[2m8:49:20 pm[22m [36m[1m[vite][22m[39m [90m[2m(client)[22m[39m [32mhmr update [39m[2m/src/pages/MathWorkspace.tsx, /src/index.css[22m
[2m8:49:30 pm[22m [36m[1m[vite][22m[39m [90m[2m(client)[22m[39m [32mhmr update [39m[2m/src/pages/MathWorkspace.tsx, /src/index.css[22m
[2m8:49:41 pm[22m [36m[1m[vite][22m[39m [90m[2m(client)[22m[39m [32mhmr update [39m[2m/src/pages/MathWorkspace.tsx, /src/index.css[22m
[2m8:50:15 pm[22m [36m[1m[vite][22m[39m [90m[2m(client)[22m[39m [32mhmr update [39m[2m/src/pages/MathWorkspace.tsx, /src/index.css[22m
[2m8:50:25 pm[22m [36m[1m[vite][22m[39m [90m[2m(client)[22m[39m [32mhmr update [39m[2m/src/index.css, /src/pages/MathWorkspace.tsx[22m
[2m8:50:41 pm[22m [36m[1m[vite][22m[39m [90m[2m(client)[22m[39m [32mhmr update [39m[2m/src/pages/MathWorkspace.tsx, /src/index.css[22m
[2m8:53:26 pm[22m [36m[1m[vite][22m[39m [90m[2m(client)[22m[39m [32mhmr update [39m[2m/src/pages/MathWorkspace.tsx, /src/index.css[22m
[2m8:53:52 pm[22m [36m[1m[vite][22m[39m [90m[2m(client)[22m[39m [32mhmr update [39m[2m/src/pages/MathWorkspace.tsx, /src/index.css[22m
[2m8:54:03 pm[22m [36m[1m[vite][22m[39m [90m[2m(client)[22m[39m [32mhmr update [39m[2m/src/pages/MathWorkspace.tsx, /src/index.css[22m
[2m8:54:09 pm[22m [36m[1m[vite][22m[39m [90m[2m(client)[22m[39m [32mhmr update [39m[2m/src/pages/MathWorkspace.tsx, /src/index.css[22m
[2m8:54:36 pm[22m [36m[1m[vite][22m[39m [90m[2m(client)[22m[39m [32mhmr update [39m[2m/src/pages/MathWorkspace.tsx, /src/index.css[22m
[2m8:55:13 pm[22m [36m[1m[vite][22m[39m [90m[2m(client)[22m[39m [32mhmr update [39m[2m/src/pages/MathWorkspace.tsx, /src/index.css[22m
[2m8:56:02 pm[22m [36m[1m[vite][22m[39m [90m[2m(client)[22m[39m [32mhmr update [39m[2m/src/pages/MathWorkspace.tsx, /src/index.css[22m
[2m8:56:16 pm[22m [36m[1m[vite][22m[39m [90m[2m(client)[22m[39m [32mhmr update [39m[2m/src/pages/MathWorkspace.tsx, /src/index.css[22m
[2m8:56:33 pm[22m [36m[1m[vite][22m[39m [90m[2m(client)[22m[39m [32mhmr update [39m[2m/src/index.css, /src/pages/MathWorkspace.tsx[22m
[2m8:56:56 pm[22m [36m[1m[vite][22m[39m [90m[2m(client)[22m[39m [32mhmr update [39m[2m/src/index.css, /src/pages/MathWorkspace.tsx[22m
[2m8:58:49 pm[22m [36m[1m[vite][22m[39m [90m[2m(client)[22m[39m [32mhmr update [39m[2m/src/pages/MathWorkspace.tsx, /src/index.css[22m
[2m8:59:07 pm[22m [36m[1m[vite][22m[39m [90m[2m(client)[22m[39m [32mhmr update [39m[2m/src/pages/MathWorkspace.tsx, /src/index.css[22m
[2m8:59:38 pm[22m [36m[1m[vite][22m[39m [90m[2m(client)[22m[39m [32mhmr update [39m[2m/src/pages/MathWorkspace.tsx, /src/index.css[22m
[2m8:59:43 pm[22m [36m[1m[vite][22m[39m [90m[2m(client)[22m[39m [32mhmr update [39m[2m/src/pages/MathWorkspace.tsx, /src/index.css[22m
[2m8:59:54 pm[22m [36m[1m[vite][22m[39m [90m[2m(client)[22m[39m [32mhmr update [39m[2m/src/pages/MathWorkspace.tsx, /src/index.css[22m
[2m9:00:03 pm[22m [36m[1m[vite][22m[39m [90m[2m(client)[22m[39m [32mhmr update [39m[2m/src/index.css, /src/pages/MathWorkspace.tsx[22m
[2m9:00:13 pm[22m [36m[1m[vite][22m[39m [90m[2m(client)[22m[39m [32mhmr update [39m[2m/src/pages/MathWorkspace.tsx, /src/index.css[22m
[2m9:02:01 pm[22m [36m[1m[vite][22m[39m [90m[2m(client)[22m[39m [32mhmr update [39m[2m/src/pages/MathWorkspace.tsx, /src/index.css[22m
[2m9:02:12 pm[22m [36m[1m[vite][22m[39m [90m[2m(client)[22m[39m [32mhmr update [39m[2m/src/pages/MathWorkspace.tsx, /src/index.css[22m
[2m9:02:18 pm[22m [36m[1m[vite][22m[39m [90m[2m(client)[22m[39m [32mhmr update [39m[2m/src/pages/MathWorkspace.tsx, /src/index.css[22m
[2m9:02:30 pm[22m [36m[1m[vite][22m[39m [90m[2m(client)[22m[39m [32mhmr update [39m[2m/src/pages/MathWorkspace.tsx, /src/index.css[22m
[2m9:02:40 pm[22m [36m[1m[vite][22m[39m [90m[2m(client)[22m[39m [32mhmr update [39m[2m/src/pages/MathWorkspace.tsx, /src/index.css[22m
[2m9:02:49 pm[22m [36m[1m[vite][22m[39m [90m[2m(client)[22m[39m [32mhmr update [39m[2m/src/pages/MathWorkspace.tsx, /src/index.css[22m
[2m9:03:30 pm[22m [36m[1m[vite][22m[39m [90m[2m(client)[22m[39m [32mhmr update [39m[2m/src/pages/MathWorkspace.tsx, /src/index.css[22m
[2m9:03:47 pm[22m [36m[1m[vite][22m[39m [90m[2m(client)[22m[39m [32mhmr update [39m[2m/src/index.css, /src/pages/MathWorkspace.tsx[22m
[2m9:03:56 pm[22m [36m[1m[vite][22m[39m [90m[2m(client)[22m[39m [32mhmr update [39m[2m/src/index.css, /src/pages/MathWorkspace.tsx[22m
[2m9:04:08 pm[22m [36m[1m[vite][22m[39m [90m[2m(client)[22m[39m [32mhmr update [39m[2m/src/pages/MathWorkspace.tsx, /src/index.css[22m
[2m9:10:53 pm[22m [36m[1m[vite][22m[39m [90m[2m(client)[22m[39m [32mhmr update [39m[2m/src/pages/MathWorkspace.tsx, /src/index.css[22m
[2m9:11:14 pm[22m [36m[1m[vite][22m[39m [90m[2m(client)[22m[39m [32mhmr update [39m[2m/src/pages/MathWorkspace.tsx, /src/index.css[22m
[2m9:11:22 pm[22m [36m[1m[vite][22m[39m [90m[2m(client)[22m[39m [32mhmr update [39m[2m/src/pages/MathWorkspace.tsx, /src/index.css[22m
[2m9:11:53 pm[22m [36m[1m[vite][22m[39m [90m[2m(client)[22m[39m [32mhmr update [39m[2m/src/pages/MathWorkspace.tsx, /src/index.css[22m
[2m9:12:28 pm[22m [36m[1m[vite][22m[39m [90m[2m(client)[22m[39m [32mhmr update [39m[2m/src/pages/MathWorkspace.tsx, /src/index.css[22m
[2m9:12:42 pm[22m [36m[1m[vite][22m[39m [90m[2m(client)[22m[39m [32mhmr update [39m[2m/src/index.css, /src/pages/MathWorkspace.tsx[22m
[2m9:12:53 pm[22m [36m[1m[vite][22m[39m [90m[2m(client)[22m[39m [32mhmr update [39m[2m/src/pages/MathWorkspace.tsx, /src/index.css[22m
[2m9:14:47 pm[22m [36m[1m[vite][22m[39m [90m[2m(client)[22m[39m [32mhmr update [39m[2m/src/pages/MathWorkspace.tsx, /src/index.css[22m
[2m9:14:58 pm[22m [36m[1m[vite][22m[39m [90m[2m(client)[22m[39m [32mhmr update [39m[2m/src/pages/MathWorkspace.tsx, /src/index.css[22m
[2m9:15:21 pm[22m [36m[1m[vite][22m[39m [90m[2m(client)[22m[39m [32mhmr update [39m[2m/src/pages/MathWorkspace.tsx, /src/index.css[22m
[2m9:15:36 pm[22m [36m[1m[vite][22m[39m [90m[2m(client)[22m[39m [32mhmr update [39m[2m/src/pages/MathWorkspace.tsx, /src/index.css[22m
[2m9:15:50 pm[22m [36m[1m[vite][22m[39m [90m[2m(client)[22m[39m [32mhmr update [39m[2m/src/pages/MathWorkspace.tsx, /src/index.css[22m
[2m9:16:18 pm[22m [36m[1m[vite][22m[39m [90m[2m(client)[22m[39m [32mhmr update [39m[2m/src/pages/MathWorkspace.tsx, /src/index.css[22m
[2m9:16:40 pm[22m [36m[1m[vite][22m[39m [90m[2m(client)[22m[39m [32mhmr update [39m[2m/src/index.css, /src/pages/MathWorkspace.tsx[22m
[2m9:22:02 pm[22m [36m[1m[vite][22m[39m [90m[2m(client)[22m[39m [32mhmr update [39m[2m/src/pages/MathWorkspace.tsx, /src/index.css[22m
[2m9:23:41 pm[22m [36m[1m[vite][22m[39m [90m[2m(client)[22m[39m [32mhmr update [39m[2m/src/pages/MathWorkspace.tsx, /src/index.css[22m
[2m9:23:53 pm[22m [36m[1m[vite][22m[39m [90m[2m(client)[22m[39m [32mhmr update [39m[2m/src/pages/MathWorkspace.tsx, /src/index.css[22m
[2m9:24:09 pm[22m [36m[1m[vite][22m[39m [90m[2m(client)[22m[39m [32mhmr update [39m[2m/src/pages/MathWorkspace.tsx, /src/index.css[22m
[2m9:24:15 pm[22m [36m[1m[vite][22m[39m [90m[2m(client)[22m[39m [32mhmr update [39m[2m/src/pages/MathWorkspace.tsx, /src/index.css[22m
[2m9:24:30 pm[22m [36m[1m[vite][22m[39m [90m[2m(client)[22m[39m [32mhmr update [39m[2m/src/pages/MathWorkspace.tsx, /src/index.css[22m
[2m9:24:40 pm[22m [36m[1m[vite][22m[39m [90m[2m(client)[22m[39m [32mhmr update [39m[2m/src/index.css, /src/pages/MathWorkspace.tsx[22m
[2m9:24:51 pm[22m [36m[1m[vite][22m[39m [90m[2m(client)[22m[39m [32mhmr update [39m[2m/src/pages/MathWorkspace.tsx, /src/index.css[22m
[2m9:28:12 pm[22m [36m[1m[vite][22m[39m [90m[2m(client)[22m[39m [32mhmr update [39m[2m/src/pages/MathWorkspace.tsx, /src/index.css[22m
[2m9:28:22 pm[22m [36m[1m[vite][22m[39m [90m[2m(client)[22m[39m [32mhmr update [39m[2m/src/pages/MathWorkspace.tsx, /src/index.css[22m
[2m9:28:35 pm[22m [36m[1m[vite][22m[39m [90m[2m(client)[22m[39m [32mhmr update [39m[2m/src/pages/MathWorkspace.tsx, /src/index.css[22m
[2m9:28:43 pm[22m [36m[1m[vite][22m[39m [90m[2m(client)[22m[39m [32mhmr update [39m[2m/src/pages/MathWorkspace.tsx, /src/index.css[22m
[2m9:28:53 pm[22m [36m[1m[vite][22m[39m [90m[2m(client)[22m[39m [32mhmr update [39m[2m/src/pages/MathWorkspace.tsx, /src/index.css[22m
[2m9:29:18 pm[22m [36m[1m[vite][22m[39m [90m[2m(client)[22m[39m [32mhmr update [39m[2m/src/pages/MathWorkspace.tsx, /src/index.css[22m
[2m9:29:31 pm[22m [36m[1m[vite][22m[39m [90m[2m(client)[22m[39m [32mhmr update [39m[2m/src/pages/MathWorkspace.tsx, /src/index.css[22m
[2m9:29:46 pm[22m [36m[1m[vite][22m[39m [90m[2m(client)[22m[39m [32mhmr update [39m[2m/src/index.css, /src/pages/MathWorkspace.tsx[22m
[2m9:32:11 pm[22m [36m[1m[vite][22m[39m [90m[2m(client)[22m[39m [32mhmr update [39m[2m/src/components/ui/FormulaBlock.tsx, /src/index.css[22m
[2m9:32:24 pm[22m [36m[1m[vite][22m[39m [90m[2m(client)[22m[39m [32mhmr update [39m[2m/src/index.css[22m
[2m9:33:56 pm[22m [36m[1m[vite][22m[39m [90m[2m(client)[22m[39m [32mhmr update [39m[2m/src/components/layout/AppLayout.tsx, /src/index.css[22m
[2m9:34:14 pm[22m [36m[1m[vite][22m[39m [90m[2m(client)[22m[39m [32mhmr update [39m[2m/src/index.css[22m
[2m9:34:23 pm[22m [36m[1m[vite][22m[39m [90m[2m(client)[22m[39m [32mhmr update [39m[2m/src/components/workspace/WorkspaceShell.tsx, /src/index.css[22m
[2m9:34:46 pm[22m [36m[1m[vite][22m[39m [90m[2m(client)[22m[39m [32mhmr update [39m[2m/src/components/ui/TopicTabs.tsx, /src/index.css[22m
[2m9:34:56 pm[22m [36m[1m[vite][22m[39m [90m[2m(client)[22m[39m [32mhmr update [39m[2m/src/components/layout/AppLayout.tsx, /src/index.css[22m
[2m9:37:49 pm[22m [36m[1m[vite][22m[39m [90m[2m(client)[22m[39m [32mhmr update [39m[2m/src/pages/BoardSyllabusVisualizer.tsx, /src/index.css[22m
[2m9:40:29 pm[22m [36m[1m[vite][22m[39m [90m[2m(client)[22m[39m [32mhmr update [39m[2m/src/pages/BoardSyllabusVisualizer.tsx, /src/index.css[22m
[2m9:42:15 pm[22m [36m[1m[vite][22m[39m [90m[2m(client)[22m[39m [32mhmr update [39m[2m/src/pages/BoardSyllabusVisualizer.tsx, /src/index.css[22m
[2m9:49:35 pm[22m [36m[1m[vite][22m[39m [90m[2m(client)[22m[39m [32mhmr update [39m[2m/src/App.tsx, /src/index.css[22m
[2m9:49:44 pm[22m [36m[1m[vite][22m[39m [90m[2m(client)[22m[39m [32mhmr update [39m[2m/src/index.css, /src/components/layout/AppLayout.tsx, /src/components/layout/MobileNav.tsx, /src/components/layout/Sidebar.tsx, /src/components/layout/GlobalUx.tsx, /src/pages/Home.tsx[22m
[2m9:49:44 pm[22m [36m[1m[vite][22m[39m [90m[2m(client)[22m[39m [33mhmr invalidate [39m[2m/src/components/layout/GlobalUx.tsx[22m Could not Fast Refresh ("addQuizXp" export is incompatible). Learn more at https://github.com/vitejs/vite-plugin-react/tree/main/packages/plugin-react#consistent-components-exports
[2m9:49:44 pm[22m [36m[1m[vite][22m[39m [90m[2m(client)[22m[39m [32mhmr update [39m[2m/src/index.css, /src/components/layout/AppLayout.tsx, /src/components/layout/MobileLearningDock.tsx, /src/components/layout/Header.tsx, /src/pages/Home.tsx, /src/pages/Syllabus.tsx[22m
[2m9:51:26 pm[22m [36m[1m[vite][22m[39m [90m[2m(client)[22m[39m [32mhmr update [39m[2m/src/components/layout/AppLayout.tsx, /src/index.css[22m
[2m9:51:42 pm[22m [36m[1m[vite][22m[39m [90m[2m(client)[22m[39m [32mhmr update [39m[2m/src/components/workspace/WorkspaceShell.tsx, /src/index.css[22m
[2m9:51:59 pm[22m [36m[1m[vite][22m[39m [90m[2m(client)[22m[39m [32mhmr update [39m[2m/src/index.css[22m
[2m9:52:07 pm[22m [36m[1m[vite][22m[39m [90m[2m(client)[22m[39m [32mhmr update [39m[2m/src/components/workspace/ToolRail.tsx, /src/index.css[22m
[2m9:52:15 pm[22m [36m[1m[vite][22m[39m [90m[2m(client)[22m[39m [32mhmr update [39m[2m/src/components/workspace/CommandBar.tsx, /src/index.css[22m
[2m9:52:35 pm[22m [36m[1m[vite][22m[39m [90m[2m(client)[22m[39m [32mhmr update [39m[2m/src/pages/MathWorkspace.tsx, /src/index.css[22m
[2m9:53:00 pm[22m [36m[1m[vite][22m[39m [90m[2m(client)[22m[39m [32mhmr update [39m[2m/src/components/layout/AppLayout.tsx, /src/index.css[22m
[2m9:53:08 pm[22m [36m[1m[vite][22m[39m [90m[2m(client)[22m[39m [32mhmr update [39m[2m/src/index.css[22m
[2m9:53:18 pm[22m [36m[1m[vite][22m[39m [90m[2m(client)[22m[39m [32mhmr update [39m[2m/src/pages/MathWorkspace.tsx, /src/index.css[22m
[2m9:59:55 pm[22m [36m[1m[vite][22m[39m [90m[2m(client)[22m[39m [32mhmr update [39m[2m/src/pages/MathWorkspace.tsx, /src/index.css[22m
[2m10:00:17 pm[22m [36m[1m[vite][22m[39m [90m[2m(client)[22m[39m [32mhmr update [39m[2m/src/pages/MathWorkspace.tsx, /src/index.css[22m
[2m10:01:09 pm[22m [36m[1m[vite][22m[39m [90m[2m(client)[22m[39m [32mhmr update [39m[2m/src/pages/MathWorkspace.tsx, /src/index.css[22m
[2m10:02:09 pm[22m [36m[1m[vite][22m[39m [90m[2m(client)[22m[39m [32mhmr update [39m[2m/src/pages/MathWorkspace.tsx, /src/index.css[22m
[2m10:03:25 pm[22m [36m[1m[vite][22m[39m [90m[2m(client)[22m[39m [32mhmr update [39m[2m/src/pages/MathWorkspace.tsx, /src/index.css[22m
[2m10:04:45 pm[22m [36m[1m[vite][22m[39m [90m[2m(client)[22m[39m [32mhmr update [39m[2m/src/pages/MathWorkspace.tsx, /src/index.css[22m
[2m10:05:02 pm[22m [36m[1m[vite][22m[39m [90m[2m(client)[22m[39m [32mhmr update [39m[2m/src/pages/MathWorkspace.tsx, /src/index.css[22m
[2m10:05:19 pm[22m [36m[1m[vite][22m[39m [90m[2m(client)[22m[39m [32mhmr update [39m[2m/src/pages/MathWorkspace.tsx, /src/index.css[22m
[2m10:12:02 pm[22m [36m[1m[vite][22m[39m [90m[2m(client)[22m[39m [32mhmr update [39m[2m/src/components/layout/AppLayout.tsx, /src/index.css[22m
[2m10:12:09 pm[22m [36m[1m[vite][22m[39m [90m[2m(client)[22m[39m [32mhmr update [39m[2m/src/index.css[22m
[2m10:15:34 pm[22m [36m[1m[vite][22m[39m [90m[2m(client)[22m[39m [32mhmr update [39m[2m/src/pages/MathWorkspace.tsx, /src/index.css[22m
[2m10:15:46 pm[22m [36m[1m[vite][22m[39m [90m[2m(client)[22m[39m [32mhmr update [39m[2m/src/pages/MathWorkspace.tsx, /src/index.css[22m
[2m10:17:00 pm[22m [36m[1m[vite][22m[39m [90m[2m(client)[22m[39m [32mhmr update [39m[2m/src/pages/MathWorkspace.tsx, /src/index.css[22m
[2m10:18:59 pm[22m [36m[1m[vite][22m[39m [90m[2m(client)[22m[39m [32mhmr update [39m[2m/src/pages/MathWorkspace.tsx, /src/index.css[22m
[2m10:19:15 pm[22m [36m[1m[vite][22m[39m [90m[2m(client)[22m[39m [32mhmr update [39m[2m/src/index.css[22m
[2m10:19:30 pm[22m [36m[1m[vite][22m[39m [90m[2m(client)[22m[39m [32mhmr update [39m[2m/src/pages/MathWorkspace.tsx, /src/index.css[22m
[2m10:19:59 pm[22m [36m[1m[vite][22m[39m [90m[2m(client)[22m[39m [32mhmr update [39m[2m/src/pages/MathWorkspace.tsx, /src/index.css[22m
[2m10:22:16 pm[22m [36m[1m[vite][22m[39m [90m[2m(client)[22m[39m [32mhmr update [39m[2m/src/index.css, /src/pages/MathLabToolPage.tsx[22m
[2m10:22:49 pm[22m [36m[1m[vite][22m[39m [90m[2m(client)[22m[39m [32mhmr update [39m[2m/src/index.css, /src/pages/MathLabToolPage.tsx[22m
[2m10:24:10 pm[22m [36m[1m[vite][22m[39m [90m[2m(client)[22m[39m [32mhmr update [39m[2m/src/pages/MathWorkspace.tsx, /src/index.css[22m
[2m10:24:27 pm[22m [36m[1m[vite][22m[39m [90m[2m(client)[22m[39m [32mhmr update [39m[2m/src/pages/MathWorkspace.tsx, /src/index.css[22m
[2m10:24:42 pm[22m [36m[1m[vite][22m[39m [90m[2m(client)[22m[39m [32mhmr update [39m[2m/src/pages/MathWorkspace.tsx, /src/index.css[22m
[2m10:24:50 pm[22m [36m[1m[vite][22m[39m [90m[2m(client)[22m[39m [32mhmr update [39m[2m/src/pages/MathWorkspace.tsx, /src/index.css[22m
[2m10:25:15 pm[22m [36m[1m[vite][22m[39m [90m[2m(client)[22m[39m [32mhmr update [39m[2m/src/pages/MathWorkspace.tsx, /src/index.css[22m
[2m10:25:47 pm[22m [36m[1m[vite][22m[39m [90m[2m(client)[22m[39m [32mhmr update [39m[2m/src/pages/MathWorkspace.tsx, /src/index.css[22m
[2m10:26:13 pm[22m [36m[1m[vite][22m[39m [90m[2m(client)[22m[39m [32mhmr update [39m[2m/src/pages/MathWorkspace.tsx, /src/index.css[22m
[2m10:27:49 pm[22m [36m[1m[vite][22m[39m [90m[2m(client)[22m[39m [32mhmr update [39m[2m/src/pages/MathWorkspace.tsx, /src/index.css[22m
[2m10:28:01 pm[22m [36m[1m[vite][22m[39m [90m[2m(client)[22m[39m [32mhmr update [39m[2m/src/pages/MathWorkspace.tsx, /src/index.css[22m
[2m10:28:51 pm[22m [36m[1m[vite][22m[39m [90m[2m(client)[22m[39m [32mhmr update [39m[2m/src/pages/MathWorkspace.tsx, /src/index.css[22m
[2m10:29:10 pm[22m [36m[1m[vite][22m[39m [90m[2m(client)[22m[39m [32mhmr update [39m[2m/src/pages/MathWorkspace.tsx, /src/index.css[22m
[2m10:29:29 pm[22m [36m[1m[vite][22m[39m [90m[2m(client)[22m[39m [32mhmr update [39m[2m/src/pages/MathWorkspace.tsx, /src/index.css[22m
[2m10:29:42 pm[22m [36m[1m[vite][22m[39m [90m[2m(client)[22m[39m [32mhmr update [39m[2m/src/pages/MathWorkspace.tsx, /src/index.css[22m
[2m10:29:51 pm[22m [36m[1m[vite][22m[39m [90m[2m(client)[22m[39m [32mhmr update [39m[2m/src/pages/MathWorkspace.tsx, /src/index.css[22m
[2m10:33:07 pm[22m [36m[1m[vite][22m[39m [90m[2m(client)[22m[39m [32mhmr update [39m[2m/src/pages/MathWorkspace.tsx, /src/index.css[22m
[2m10:33:49 pm[22m [36m[1m[vite][22m[39m [90m[2m(client)[22m[39m [32mhmr update [39m[2m/src/pages/MathWorkspace.tsx, /src/index.css[22m
[2m10:35:02 pm[22m [36m[1m[vite][22m[39m [90m[2m(client)[22m[39m [32mhmr update [39m[2m/src/pages/MathWorkspace.tsx, /src/index.css[22m
[2m10:35:28 pm[22m [36m[1m[vite][22m[39m [90m[2m(client)[22m[39m [32mhmr update [39m[2m/src/pages/MathWorkspace.tsx, /src/index.css[22m
[2m10:35:54 pm[22m [36m[1m[vite][22m[39m [90m[2m(client)[22m[39m [32mhmr update [39m[2m/src/pages/MathWorkspace.tsx, /src/index.css[22m
[2m10:36:27 pm[22m [36m[1m[vite][22m[39m [90m[2m(client)[22m[39m [32mhmr update [39m[2m/src/pages/MathWorkspace.tsx, /src/index.css[22m
[2m10:37:06 pm[22m [36m[1m[vite][22m[39m [90m[2m(client)[22m[39m [32mhmr update [39m[2m/src/pages/MathWorkspace.tsx, /src/index.css[22m
[2m10:37:29 pm[22m [36m[1m[vite][22m[39m [90m[2m(client)[22m[39m [32mhmr update [39m[2m/src/pages/MathWorkspace.tsx, /src/index.css[22m
[2m10:38:02 pm[22m [36m[1m[vite][22m[39m [90m[2m(client)[22m[39m [32mhmr update [39m[2m/src/pages/MathWorkspace.tsx, /src/index.css[22m
[2m10:38:14 pm[22m [36m[1m[vite][22m[39m [90m[2m(client)[22m[39m [32mhmr update [39m[2m/src/pages/MathWorkspace.tsx, /src/index.css[22m
[2m10:39:05 pm[22m [36m[1m[vite][22m[39m [90m[2m(client)[22m[39m [32mhmr update [39m[2m/src/pages/MathWorkspace.tsx, /src/index.css[22m
[2m10:39:50 pm[22m [36m[1m[vite][22m[39m [90m[2m(client)[22m[39m [32mhmr update [39m[2m/src/pages/MathWorkspace.tsx, /src/index.css[22m
[2m10:40:21 pm[22m [36m[1m[vite][22m[39m [90m[2m(client)[22m[39m [32mhmr update [39m[2m/src/pages/MathWorkspace.tsx, /src/index.css[22m
[2m10:41:56 pm[22m [36m[1m[vite][22m[39m [90m[2m(client)[22m[39m [32mhmr update [39m[2m/src/pages/MathWorkspace.tsx, /src/index.css[22m
[2m10:42:36 pm[22m [36m[1m[vite][22m[39m [90m[2m(client)[22m[39m [32mhmr update [39m[2m/src/pages/MathWorkspace.tsx, /src/index.css[22m
[2m10:43:35 pm[22m [36m[1m[vite][22m[39m [90m[2m(client)[22m[39m [32mhmr update [39m[2m/src/pages/MathWorkspace.tsx, /src/index.css[22m
[2m10:43:51 pm[22m [36m[1m[vite][22m[39m [90m[2m(client)[22m[39m [32mhmr update [39m[2m/src/pages/MathWorkspace.tsx, /src/index.css[22m
[2m10:45:29 pm[22m [36m[1m[vite][22m[39m [90m[2m(client)[22m[39m [32mhmr update [39m[2m/src/pages/MathWorkspace.tsx, /src/index.css[22m
[2m10:46:25 pm[22m [36m[1m[vite][22m[39m [90m[2m(client)[22m[39m [32mhmr update [39m[2m/src/pages/MathWorkspace.tsx, /src/index.css[22m
[2m10:46:40 pm[22m [36m[1m[vite][22m[39m [90m[2m(client)[22m[39m [32mhmr update [39m[2m/src/pages/MathWorkspace.tsx, /src/index.css[22m
[2m10:47:08 pm[22m [36m[1m[vite][22m[39m [90m[2m(client)[22m[39m [32mhmr update [39m[2m/src/pages/MathWorkspace.tsx, /src/index.css[22m
[2m10:50:50 pm[22m [36m[1m[vite][22m[39m [90m[2m(client)[22m[39m [32mhmr update [39m[2m/src/pages/MathWorkspace.tsx, /src/index.css[22m
[2m10:51:09 pm[22m [36m[1m[vite][22m[39m [90m[2m(client)[22m[39m [32mhmr update [39m[2m/src/pages/MathWorkspace.tsx, /src/index.css[22m
[2m10:51:15 pm[22m [36m[1m[vite][22m[39m [90m[2m(client)[22m[39m [32mhmr update [39m[2m/src/pages/MathWorkspace.tsx, /src/index.css[22m
[2m10:51:28 pm[22m [36m[1m[vite][22m[39m [90m[2m(client)[22m[39m [32mhmr update [39m[2m/src/pages/MathWorkspace.tsx, /src/index.css[22m
[2m11:00:07 pm[22m [36m[1m[vite][22m[39m [90m[2m(client)[22m[39m [32mhmr update [39m[2m/src/pages/MathWorkspace.tsx, /src/index.css[22m
[2m11:00:22 pm[22m [36m[1m[vite][22m[39m [90m[2m(client)[22m[39m [32mhmr update [39m[2m/src/pages/MathWorkspace.tsx, /src/index.css[22m
[2m11:00:29 pm[22m [36m[1m[vite][22m[39m [90m[2m(client)[22m[39m [32mhmr update [39m[2m/src/pages/MathWorkspace.tsx, /src/index.css[22m
[2m11:00:38 pm[22m [36m[1m[vite][22m[39m [90m[2m(client)[22m[39m [32mhmr update [39m[2m/src/pages/MathWorkspace.tsx, /src/index.css[22m
[2m11:00:51 pm[22m [36m[1m[vite][22m[39m [90m[2m(client)[22m[39m [32mhmr update [39m[2m/src/pages/MathWorkspace.tsx, /src/index.css[22m
[2m11:01:18 pm[22m [36m[1m[vite][22m[39m [90m[2m(client)[22m[39m [32mhmr update [39m[2m/src/pages/MathWorkspace.tsx, /src/index.css[22m
[2m11:01:42 pm[22m [36m[1m[vite][22m[39m [90m[2m(client)[22m[39m [32mhmr update [39m[2m/src/pages/MathWorkspace.tsx, /src/index.css[22m
[2m11:01:55 pm[22m [36m[1m[vite][22m[39m [90m[2m(client)[22m[39m [32mhmr update [39m[2m/src/pages/MathWorkspace.tsx, /src/index.css[22m
[2m11:02:33 pm[22m [36m[1m[vite][22m[39m [90m[2m(client)[22m[39m [32mhmr update [39m[2m/src/pages/MathWorkspace.tsx, /src/index.css[22m
[2m11:02:56 pm[22m [36m[1m[vite][22m[39m [90m[2m(client)[22m[39m [32mhmr update [39m[2m/src/pages/MathWorkspace.tsx, /src/index.css[22m
[2m11:03:20 pm[22m [36m[1m[vite][22m[39m [90m[2m(client)[22m[39m [32mhmr update [39m[2m/src/pages/MathWorkspace.tsx, /src/index.css[22m
[2m11:03:46 pm[22m [36m[1m[vite][22m[39m [90m[2m(client)[22m[39m [32mhmr update [39m[2m/src/pages/MathWorkspace.tsx, /src/index.css[22m
[2m11:03:55 pm[22m [36m[1m[vite][22m[39m [90m[2m(client)[22m[39m [32mhmr update [39m[2m/src/pages/MathWorkspace.tsx, /src/index.css[22m
[2m11:04:09 pm[22m [36m[1m[vite][22m[39m [90m[2m(client)[22m[39m [32mhmr update [39m[2m/src/index.css, /src/pages/MathWorkspace.tsx[22m
[2m11:11:43 pm[22m [36m[1m[vite][22m[39m [90m[2m(client)[22m[39m [32mhmr update [39m[2m/src/pages/MathWorkspace.tsx, /src/index.css[22m
[2m11:12:01 pm[22m [36m[1m[vite][22m[39m [90m[2m(client)[22m[39m [32mhmr update [39m[2m/src/pages/MathWorkspace.tsx, /src/index.css[22m
[2m11:12:15 pm[22m [36m[1m[vite][22m[39m [90m[2m(client)[22m[39m [32mhmr update [39m[2m/src/pages/MathWorkspace.tsx, /src/index.css[22m
[2m11:12:35 pm[22m [36m[1m[vite][22m[39m [90m[2m(client)[22m[39m [32mhmr update [39m[2m/src/pages/MathWorkspace.tsx, /src/index.css[22m
[2m11:13:03 pm[22m [36m[1m[vite][22m[39m [90m[2m(client)[22m[39m [32mhmr update [39m[2m/src/pages/MathWorkspace.tsx, /src/index.css[22m
[2m11:13:21 pm[22m [36m[1m[vite][22m[39m [90m[2m(client)[22m[39m [32mhmr update [39m[2m/src/pages/MathWorkspace.tsx, /src/index.css[22m
[2m11:13:35 pm[22m [36m[1m[vite][22m[39m [90m[2m(client)[22m[39m [32mhmr update [39m[2m/src/pages/MathWorkspace.tsx, /src/index.css[22m
[2m11:13:51 pm[22m [36m[1m[vite][22m[39m [90m[2m(client)[22m[39m [32mhmr update [39m[2m/src/pages/MathWorkspace.tsx, /src/index.css[22m
[2m11:14:29 pm[22m [36m[1m[vite][22m[39m [90m[2m(client)[22m[39m [32mhmr update [39m[2m/src/pages/MathWorkspace.tsx, /src/index.css[22m
[2m11:17:27 pm[22m [36m[1m[vite][22m[39m [90m[2m(client)[22m[39m [32mhmr update [39m[2m/src/pages/MathWorkspace.tsx, /src/index.css[22m
[2m11:17:49 pm[22m [36m[1m[vite][22m[39m [90m[2m(client)[22m[39m [32mhmr update [39m[2m/src/pages/MathWorkspace.tsx, /src/index.css[22m
[2m11:18:38 pm[22m [36m[1m[vite][22m[39m [90m[2m(client)[22m[39m [32mhmr update [39m[2m/src/pages/MathWorkspace.tsx, /src/index.css[22m
[2m11:19:00 pm[22m [36m[1m[vite][22m[39m [90m[2m(client)[22m[39m [32mhmr update [39m[2m/src/pages/MathWorkspace.tsx, /src/index.css[22m
[2m11:19:38 pm[22m [36m[1m[vite][22m[39m [90m[2m(client)[22m[39m [32mhmr update [39m[2m/src/pages/MathWorkspace.tsx, /src/index.css[22m
[2m11:19:53 pm[22m [36m[1m[vite][22m[39m [90m[2m(client)[22m[39m [32mhmr update [39m[2m/src/pages/MathWorkspace.tsx, /src/index.css[22m
[2m11:20:16 pm[22m [36m[1m[vite][22m[39m [90m[2m(client)[22m[39m [32mhmr update [39m[2m/src/pages/MathWorkspace.tsx, /src/index.css[22m
[2m11:20:44 pm[22m [36m[1m[vite][22m[39m [90m[2m(client)[22m[39m [32mhmr update [39m[2m/src/pages/MathWorkspace.tsx, /src/index.css[22m
[2m11:21:06 pm[22m [36m[1m[vite][22m[39m [90m[2m(client)[22m[39m [32mhmr update [39m[2m/src/index.css, /src/pages/MathWorkspace.tsx[22m
[2m11:21:22 pm[22m [36m[1m[vite][22m[39m [90m[2m(client)[22m[39m [32mhmr update [39m[2m/src/pages/MathWorkspace.tsx, /src/index.css[22m
[2m11:23:45 pm[22m [36m[1m[vite][22m[39m [90m[2m(client)[22m[39m [32mhmr update [39m[2m/src/pages/MathWorkspace.tsx, /src/index.css[22m
[2m11:24:16 pm[22m [36m[1m[vite][22m[39m [90m[2m(client)[22m[39m [32mhmr update [39m[2m/src/pages/MathWorkspace.tsx, /src/index.css[22m
[2m11:24:30 pm[22m [36m[1m[vite][22m[39m [90m[2m(client)[22m[39m [32mhmr update [39m[2m/src/pages/MathWorkspace.tsx, /src/index.css[22m
[2m11:27:10 pm[22m [36m[1m[vite][22m[39m [90m[2m(client)[22m[39m [32mhmr update [39m[2m/src/pages/Formulas.tsx, /src/index.css[22m
[2m11:29:54 pm[22m [36m[1m[vite][22m[39m [90m[2m(client)[22m[39m [32mhmr update [39m[2m/src/index.css, /src/pages/Formulas.tsx[22m
[2m11:32:57 pm[22m [36m[1m[vite][22m[39m [90m[2m(client)[22m[39m [32mhmr update [39m[2m/src/index.css, /src/pages/Formulas.tsx[22m
[2m11:40:52 pm[22m [36m[1m[vite][22m[39m [90m[2m(client)[22m[39m [32mhmr update [39m[2m/src/index.css, /src/pages/Formulas.tsx[22m
[2m11:41:15 pm[22m [36m[1m[vite][22m[39m [90m[2m(client)[22m[39m [32mhmr update [39m[2m/src/index.css, /src/pages/Formulas.tsx[22m
[2m11:43:09 pm[22m [36m[1m[vite][22m[39m [90m[2m(client)[22m[39m [32mhmr update [39m[2m/src/visualizations/linear-algebra/VectorVisualizer.tsx, /src/index.css[22m
[2m11:45:38 pm[22m [36m[1m[vite][22m[39m [90m[2m(client)[22m[39m [32mhmr update [39m[2m/src/visualizations/linear-algebra/VectorVisualizer.tsx[22m
[2m11:48:40 pm[22m [36m[1m[vite][22m[39m [90m[2m(client)[22m[39m [32mhmr update [39m[2m/src/components/workspace/WorkspaceShell.tsx, /src/index.css[22m
[2m11:49:01 pm[22m [36m[1m[vite][22m[39m [90m[2m(client)[22m[39m [32mhmr update [39m[2m/src/components/workspace/WorkspaceShell.tsx, /src/index.css[22m
[2m11:49:33 pm[22m [36m[1m[vite][22m[39m [90m[2m(client)[22m[39m [32mhmr update [39m[2m/src/index.css[22m
[2m11:52:04 pm[22m [36m[1m[vite][22m[39m [90m[2m(client)[22m[39m [32mhmr update [39m[2m/src/index.css, /src/pages/Formulas.tsx[22m
[2m11:52:36 pm[22m [36m[1m[vite][22m[39m [90m[2m(client)[22m[39m [32mhmr update [39m[2m/src/index.css, /src/pages/Formulas.tsx[22m
[2m11:56:32 pm[22m [36m[1m[vite][22m[39m [90m[2m(client)[22m[39m [32mhmr update [39m[2m/src/index.css, /src/pages/Formulas.tsx[22m
[2m11:59:02 pm[22m [36m[1m[vite][22m[39m [90m[2m(client)[22m[39m [32mhmr update [39m[2m/src/pages/Formulas.tsx, /src/index.css[22m
[2m7:40:58 am[22m [36m[1m[vite][22m[39m [90m[2m(client)[22m[39m [32mhmr update [39m[2m/src/index.css, /src/pages/Formulas.tsx[22m
[2m7:59:10 am[22m [36m[1m[vite][22m[39m [90m[2m(client)[22m[39m [32mhmr update [39m[2m/src/pages/Formulas.tsx, /src/index.css[22m
[2m8:00:17 am[22m [36m[1m[vite][22m[39m [90m[2m(client)[22m[39m [32mhmr update [39m[2m/src/index.css[22m
[2m8:01:38 am[22m [36m[1m[vite][22m[39m [90m[2m(client)[22m[39m [32mhmr update [39m[2m/src/index.css[22m
[2m8:04:12 am[22m [36m[1m[vite][22m[39m [90m[2m(client)[22m[39m [32mhmr update [39m[2m/src/pages/Formulas.tsx, /src/index.css[22m
[2m8:04:39 am[22m [36m[1m[vite][22m[39m [90m[2m(client)[22m[39m [32mhmr update [39m[2m/src/pages/Formulas.tsx, /src/index.css[22m
[2m8:05:04 am[22m [36m[1m[vite][22m[39m [90m[2m(client)[22m[39m [32mhmr update [39m[2m/src/pages/Formulas.tsx, /src/index.css[22m
[2m8:05:39 am[22m [36m[1m[vite][22m[39m [90m[2m(client)[22m[39m [32mhmr update [39m[2m/src/pages/Formulas.tsx, /src/index.css[22m
[2m8:06:02 am[22m [36m[1m[vite][22m[39m [90m[2m(client)[22m[39m [32mhmr update [39m[2m/src/pages/Formulas.tsx, /src/index.css[22m
[2m8:07:04 am[22m [36m[1m[vite][22m[39m [90m[2m(client)[22m[39m [32mhmr update [39m[2m/src/pages/Formulas.tsx, /src/index.css[22m
[2m8:07:34 am[22m [36m[1m[vite][22m[39m [90m[2m(client)[22m[39m [32mhmr update [39m[2m/src/pages/Formulas.tsx, /src/index.css[22m
[2m8:08:12 am[22m [36m[1m[vite][22m[39m [90m[2m(client)[22m[39m [32mhmr update [39m[2m/src/index.css[22m
[2m8:08:36 am[22m [36m[1m[vite][22m[39m [90m[2m(client)[22m[39m [32mhmr update [39m[2m/src/index.css[22m
[2m8:13:37 am[22m [36m[1m[vite][22m[39m [90m[2m(client)[22m[39m [32mhmr update [39m[2m/src/pages/MathWorkspace.tsx, /src/index.css[22m
[2m8:14:00 am[22m [36m[1m[vite][22m[39m [90m[2m(client)[22m[39m [32mhmr update [39m[2m/src/pages/MathWorkspace.tsx, /src/index.css[22m
[2m8:14:30 am[22m [36m[1m[vite][22m[39m [90m[2m(client)[22m[39m [32mhmr update [39m[2m/src/pages/MathWorkspace.tsx, /src/index.css[22m
[2m8:15:16 am[22m [36m[1m[vite][22m[39m [90m[2m(client)[22m[39m [32mhmr update [39m[2m/src/pages/MathWorkspace.tsx, /src/index.css[22m
[2m8:15:51 am[22m [36m[1m[vite][22m[39m [90m[2m(client)[22m[39m [32mhmr update [39m[2m/src/pages/MathWorkspace.tsx, /src/index.css[22m
[2m8:16:07 am[22m [36m[1m[vite][22m[39m [90m[2m(client)[22m[39m [32mhmr update [39m[2m/src/pages/MathWorkspace.tsx, /src/index.css[22m
[2m8:16:23 am[22m [36m[1m[vite][22m[39m [90m[2m(client)[22m[39m [32mhmr update [39m[2m/src/pages/MathWorkspace.tsx, /src/index.css[22m
[2m8:16:41 am[22m [36m[1m[vite][22m[39m [90m[2m(client)[22m[39m [32mhmr update [39m[2m/src/pages/MathWorkspace.tsx, /src/index.css[22m
[2m8:17:11 am[22m [36m[1m[vite][22m[39m [90m[2m(client)[22m[39m [32mhmr update [39m[2m/src/pages/MathWorkspace.tsx, /src/index.css[22m
[2m8:17:38 am[22m [36m[1m[vite][22m[39m [90m[2m(client)[22m[39m [32mhmr update [39m[2m/src/pages/MathWorkspace.tsx, /src/index.css[22m
[2m8:18:58 am[22m [36m[1m[vite][22m[39m [90m[2m(client)[22m[39m [32mhmr update [39m[2m/src/index.css[22m
[2m8:22:24 am[22m [36m[1m[vite][22m[39m [90m[2m(client)[22m[39m [32mhmr update [39m[2m/src/components/layout/AppLayout.tsx, /src/index.css[22m
[2m8:22:58 am[22m [36m[1m[vite][22m[39m [90m[2m(client)[22m[39m [32mhmr update [39m[2m/src/components/workspace/WorkspaceShell.tsx, /src/index.css[22m
[2m8:23:29 am[22m [36m[1m[vite][22m[39m [90m[2m(client)[22m[39m [32mhmr update [39m[2m/src/index.css[22m
[2m8:29:51 am[22m [36m[1m[vite][22m[39m [90m[2m(client)[22m[39m [32mhmr update [39m[2m/src/pages/Formulas.tsx, /src/index.css[22m
[2m8:30:44 am[22m [36m[1m[vite][22m[39m [90m[2m(client)[22m[39m [32mhmr update [39m[2m/src/pages/Formulas.tsx, /src/index.css[22m
[2m8:31:13 am[22m [36m[1m[vite][22m[39m [90m[2m(client)[22m[39m [32mhmr update [39m[2m/src/pages/Formulas.tsx, /src/index.css[22m
[2m8:31:34 am[22m [36m[1m[vite][22m[39m [90m[2m(client)[22m[39m [32mhmr update [39m[2m/src/index.css[22m
[2m8:36:55 am[22m [36m[1m[vite][22m[39m [90m[2m(client)[22m[39m [32mhmr update [39m[2m/src/index.css, /src/pages/Formulas.tsx[22m
[2m8:37:19 am[22m [36m[1m[vite][22m[39m [90m[2m(client)[22m[39m [32mhmr update [39m[2m/src/pages/Formulas.tsx, /src/index.css[22m
[2m8:38:00 am[22m [36m[1m[vite][22m[39m [90m[2m(client)[22m[39m [32mhmr update [39m[2m/src/pages/Formulas.tsx, /src/index.css[22m
[2m8:42:08 am[22m [36m[1m[vite][22m[39m [90m[2m(client)[22m[39m [32mhmr update [39m[2m/src/pages/Formulas.tsx, /src/index.css[22m
[2m8:42:40 am[22m [36m[1m[vite][22m[39m [90m[2m(client)[22m[39m [32mhmr update [39m[2m/src/pages/Formulas.tsx, /src/index.css[22m
[2m8:43:40 am[22m [36m[1m[vite][22m[39m [90m[2m(client)[22m[39m [32mhmr update [39m[2m/src/pages/Formulas.tsx, /src/index.css[22m
[2m8:45:06 am[22m [36m[1m[vite][22m[39m [90m[2m(client)[22m[39m [32mhmr update [39m[2m/src/pages/Formulas.tsx, /src/index.css[22m
[2m2:00:58 pm[22m [36m[1m[vite][22m[39m [90m[2m(client)[22m[39m [32mhmr update [39m[2m/src/index.css[22m
[2m2:04:20 pm[22m [36m[1m[vite][22m[39m [90m[2m(client)[22m[39m [32mhmr update [39m[2m/src/pages/Formulas.tsx, /src/index.css[22m
[2m2:05:08 pm[22m [36m[1m[vite][22m[39m [90m[2m(client)[22m[39m [32mhmr update [39m[2m/src/index.css[22m
[2m2:05:27 pm[22m [36m[1m[vite][22m[39m [90m[2m(client)[22m[39m [32mhmr update [39m[2m/src/pages/Formulas.tsx, /src/index.css[22m
[2m2:05:40 pm[22m [36m[1m[vite][22m[39m [90m[2m(client)[22m[39m [32mhmr update [39m[2m/src/index.css[22m
[2m2:06:27 pm[22m [36m[1m[vite][22m[39m [90m[2m(client)[22m[39m [32mhmr update [39m[2m/src/pages/Formulas.tsx, /src/index.css[22m
[2m2:09:05 pm[22m [36m[1m[vite][22m[39m [90m[2m(client)[22m[39m [32mhmr update [39m[2m/src/pages/ShapesExplorer.tsx, /src/index.css[22m
[2m2:09:24 pm[22m [36m[1m[vite][22m[39m [90m[2m(client)[22m[39m [32mhmr update [39m[2m/src/pages/ShapesExplorer.tsx, /src/index.css[22m
[2m2:09:43 pm[22m [36m[1m[vite][22m[39m [90m[2m(client)[22m[39m [32mhmr update [39m[2m/src/pages/ShapesExplorer.tsx, /src/index.css[22m
[2m2:12:02 pm[22m [36m[1m[vite][22m[39m [90m[2m(client)[22m[39m [32mhmr update [39m[2m/src/index.css, /src/components/layout/AppLayout.tsx, /src/components/layout/MobileNav.tsx, /src/components/layout/Sidebar.tsx, /src/components/layout/GlobalUx.tsx, /src/pages/Home.tsx[22m
[2m2:12:02 pm[22m [36m[1m[vite][22m[39m [90m[2m(client)[22m[39m [33mhmr invalidate [39m[2m/src/components/layout/GlobalUx.tsx[22m Could not Fast Refresh ("addQuizXp" export is incompatible). Learn more at https://github.com/vitejs/vite-plugin-react/tree/main/packages/plugin-react#consistent-components-exports
[2m2:12:02 pm[22m [36m[1m[vite][22m[39m [90m[2m(client)[22m[39m [32mhmr update [39m[2m/src/index.css, /src/components/layout/AppLayout.tsx, /src/components/layout/MobileLearningDock.tsx, /src/components/layout/Header.tsx, /src/pages/Home.tsx, /src/pages/Syllabus.tsx[22m
[2m2:16:49 pm[22m [36m[1m[vite][22m[39m [90m[2m(client)[22m[39m [32mhmr update [39m[2m/src/pages/MatrixTransformationsVisualizerPage.tsx, /src/index.css[22m
[2m2:17:35 pm[22m [36m[1m[vite][22m[39m [90m[2m(client)[22m[39m [32mhmr update [39m[2m/src/visualizations/linear-algebra/VectorVisualizer.tsx, /src/index.css[22m
[2m2:17:36 pm[22m [36m[1m[vite][22m[39m [90m[2m(client)[22m[39m [32mhmr update [39m[2m/src/pages/MatrixTransformationsVisualizerPage.tsx, /src/index.css[22m
[2m2:17:55 pm[22m [36m[1m[vite][22m[39m [90m[2m(client)[22m[39m [32mhmr update [39m[2m/src/pages/MatrixTransformationsVisualizerPage.tsx, /src/index.css[22m
[2m2:18:24 pm[22m [36m[1m[vite][22m[39m [90m[2m(client)[22m[39m [32mhmr update [39m[2m/src/visualizations/linear-algebra/VectorVisualizer.tsx, /src/index.css[22m
[2m2:21:42 pm[22m [36m[1m[vite][22m[39m [90m[2m(client)[22m[39m [32mhmr update [39m[2m/src/pages/Formulas.tsx, /src/index.css[22m
[2m2:22:54 pm[22m [36m[1m[vite][22m[39m [90m[2m(client)[22m[39m [32mhmr update [39m[2m/src/pages/Formulas.tsx, /src/index.css[22m
[2m2:23:23 pm[22m [36m[1m[vite][22m[39m [90m[2m(client)[22m[39m [32mhmr update [39m[2m/src/pages/Formulas.tsx, /src/index.css[22m
[2m2:23:37 pm[22m [36m[1m[vite][22m[39m [90m[2m(client)[22m[39m [32mhmr update [39m[2m/src/pages/Formulas.tsx, /src/index.css[22m
[2m2:24:11 pm[22m [36m[1m[vite][22m[39m [90m[2m(client)[22m[39m [32mhmr update [39m[2m/src/pages/Formulas.tsx, /src/index.css[22m
[2m2:25:03 pm[22m [36m[1m[vite][22m[39m [90m[2m(client)[22m[39m [32mhmr update [39m[2m/src/pages/Formulas.tsx, /src/index.css[22m
[2m2:25:44 pm[22m [36m[1m[vite][22m[39m [90m[2m(client)[22m[39m [32mhmr update [39m[2m/src/pages/Formulas.tsx, /src/index.css[22m
[2m2:29:07 pm[22m [36m[1m[vite][22m[39m [90m[2m(client)[22m[39m [32mhmr update [39m[2m/src/pages/Formulas.tsx, /src/index.css[22m
[2m2:29:27 pm[22m [36m[1m[vite][22m[39m [90m[2m(client)[22m[39m [32mhmr update [39m[2m/src/pages/Formulas.tsx, /src/index.css[22m
[2m2:30:16 pm[22m [36m[1m[vite][22m[39m [90m[2m(client)[22m[39m [32mhmr update [39m[2m/src/pages/Formulas.tsx, /src/index.css[22m
[2m2:31:15 pm[22m [36m[1m[vite][22m[39m [90m[2m(client)[22m[39m [32mhmr update [39m[2m/src/pages/Formulas.tsx, /src/index.css[22m
[2m2:32:07 pm[22m [36m[1m[vite][22m[39m [90m[2m(client)[22m[39m [32mhmr update [39m[2m/src/pages/Formulas.tsx, /src/index.css[22m
[2m2:33:56 pm[22m [36m[1m[vite][22m[39m [90m[2m(client)[22m[39m [32mhmr update [39m[2m/src/index.css, /src/components/layout/GlobalUx.tsx, /src/components/ui/ThemeToggle.tsx, /src/modules/mathematical-logic/MathematicalLogicModule.tsx[22m
[2m2:33:56 pm[22m [36m[1m[vite][22m[39m [90m[2m(client)[22m[39m [33mhmr invalidate [39m[2m/src/components/layout/GlobalUx.tsx[22m Could not Fast Refresh ("addQuizXp" export is incompatible). Learn more at https://github.com/vitejs/vite-plugin-react/tree/main/packages/plugin-react#consistent-components-exports
[2m2:33:56 pm[22m [36m[1m[vite][22m[39m [90m[2m(client)[22m[39m [32mhmr update [39m[2m/src/index.css, /src/components/layout/AppLayout.tsx, /src/components/layout/MobileLearningDock.tsx, /src/components/layout/Header.tsx, /src/pages/Home.tsx, /src/pages/Syllabus.tsx[22m
[2m3:07:18 pm[22m [36m[1m[vite][22m[39m [90m[2m(client)[22m[39m [32mhmr update [39m[2m/src/pages/MathWorkspace.tsx, /src/index.css[22m
[2m3:07:26 pm[22m [36m[1m[vite][22m[39m [90m[2m(client)[22m[39m [32mhmr update [39m[2m/src/pages/MathWorkspace.tsx, /src/index.css[22m
[2m3:07:55 pm[22m [36m[1m[vite][22m[39m [90m[2m(client)[22m[39m [32mhmr update [39m[2m/src/pages/MathWorkspace.tsx, /src/index.css[22m
[2m3:08:26 pm[22m [36m[1m[vite][22m[39m [90m[2m(client)[22m[39m [32mhmr update [39m[2m/src/pages/MathWorkspace.tsx, /src/index.css[22m
[2m3:08:53 pm[22m [36m[1m[vite][22m[39m [90m[2m(client)[22m[39m [32mhmr update [39m[2m/src/pages/MathWorkspace.tsx, /src/index.css[22m
[2m3:09:14 pm[22m [36m[1m[vite][22m[39m [90m[2m(client)[22m[39m [32mhmr update [39m[2m/src/pages/MathWorkspace.tsx, /src/index.css[22m
[2m3:09:49 pm[22m [36m[1m[vite][22m[39m [90m[2m(client)[22m[39m [32mhmr update [39m[2m/src/pages/MathWorkspace.tsx, /src/index.css[22m
[2m3:10:05 pm[22m [36m[1m[vite][22m[39m [90m[2m(client)[22m[39m [32mhmr update [39m[2m/src/pages/MathWorkspace.tsx, /src/index.css[22m
[2m3:10:12 pm[22m [36m[1m[vite][22m[39m [90m[2m(client)[22m[39m [32mhmr update [39m[2m/src/pages/MathWorkspace.tsx, /src/index.css[22m
[2m3:10:38 pm[22m [36m[1m[vite][22m[39m [90m[2m(client)[22m[39m [32mhmr update [39m[2m/src/pages/MathWorkspace.tsx, /src/index.css[22m
[2m3:11:49 pm[22m [36m[1m[vite][22m[39m [90m[2m(client)[22m[39m [32mhmr update [39m[2m/src/pages/MathWorkspace.tsx, /src/index.css[22m
[2m3:11:57 pm[22m [36m[1m[vite][22m[39m [90m[2m(client)[22m[39m [32mhmr update [39m[2m/src/pages/MathWorkspace.tsx, /src/index.css[22m
[2m3:12:05 pm[22m [36m[1m[vite][22m[39m [90m[2m(client)[22m[39m [32mhmr update [39m[2m/src/pages/MathWorkspace.tsx, /src/index.css[22m
[2m3:12:13 pm[22m [36m[1m[vite][22m[39m [90m[2m(client)[22m[39m [32mhmr update [39m[2m/src/pages/MathWorkspace.tsx, /src/index.css[22m
[2m3:12:22 pm[22m [36m[1m[vite][22m[39m [90m[2m(client)[22m[39m [32mhmr update [39m[2m/src/pages/MathWorkspace.tsx, /src/index.css[22m
[2m3:12:30 pm[22m [36m[1m[vite][22m[39m [90m[2m(client)[22m[39m [32mhmr update [39m[2m/src/pages/MathWorkspace.tsx, /src/index.css[22m
[2m3:12:38 pm[22m [36m[1m[vite][22m[39m [90m[2m(client)[22m[39m [32mhmr update [39m[2m/src/pages/MathWorkspace.tsx, /src/index.css[22m
[2m3:13:08 pm[22m [36m[1m[vite][22m[39m [90m[2m(client)[22m[39m [32mhmr update [39m[2m/src/pages/MathWorkspace.tsx, /src/index.css[22m
[2m3:13:27 pm[22m [36m[1m[vite][22m[39m [90m[2m(client)[22m[39m [32mhmr update [39m[2m/src/pages/MathWorkspace.tsx, /src/index.css[22m
[2m3:13:43 pm[22m [36m[1m[vite][22m[39m [90m[2m(client)[22m[39m [32mhmr update [39m[2m/src/pages/MathWorkspace.tsx, /src/index.css[22m
[2m3:13:59 pm[22m [36m[1m[vite][22m[39m [90m[2m(client)[22m[39m [32mhmr update [39m[2m/src/pages/MathWorkspace.tsx, /src/index.css[22m
[2m3:14:54 pm[22m [36m[1m[vite][22m[39m [90m[2m(client)[22m[39m [32mhmr update [39m[2m/src/pages/MathWorkspace.tsx, /src/index.css[22m
[2m3:15:07 pm[22m [36m[1m[vite][22m[39m [90m[2m(client)[22m[39m [32mhmr update [39m[2m/src/pages/MathWorkspace.tsx, /src/index.css[22m
[2m3:15:31 pm[22m [36m[1m[vite][22m[39m [90m[2m(client)[22m[39m [32mhmr update [39m[2m/src/pages/MathWorkspace.tsx, /src/index.css[22m
[2m3:22:22 pm[22m [36m[1m[vite][22m[39m [90m[2m(client)[22m[39m [32mhmr update [39m[2m/src/pages/MathWorkspace.tsx, /src/index.css[22m
[2m3:24:15 pm[22m [36m[1m[vite][22m[39m [90m[2m(client)[22m[39m [32mhmr update [39m[2m/src/pages/MathWorkspace.tsx, /src/index.css[22m
[2m3:27:00 pm[22m [36m[1m[vite][22m[39m [90m[2m(client)[22m[39m [32mhmr update [39m[2m/src/pages/MathWorkspace.tsx, /src/index.css[22m
[2m3:27:08 pm[22m [36m[1m[vite][22m[39m [90m[2m(client)[22m[39m [32mhmr update [39m[2m/src/pages/MathWorkspace.tsx, /src/index.css[22m
[2m3:28:57 pm[22m [36m[1m[vite][22m[39m [90m[2m(client)[22m[39m [32mhmr update [39m[2m/src/pages/MathWorkspace.tsx, /src/index.css[22m
[2m3:29:04 pm[22m [36m[1m[vite][22m[39m [90m[2m(client)[22m[39m [32mhmr update [39m[2m/src/pages/MathWorkspace.tsx, /src/index.css[22m
[2m3:29:11 pm[22m [36m[1m[vite][22m[39m [90m[2m(client)[22m[39m [32mhmr update [39m[2m/src/pages/MathWorkspace.tsx, /src/index.css[22m
[2m3:29:37 pm[22m [36m[1m[vite][22m[39m [90m[2m(client)[22m[39m [32mhmr update [39m[2m/src/pages/MathWorkspace.tsx, /src/index.css[22m
[2m3:29:44 pm[22m [36m[1m[vite][22m[39m [90m[2m(client)[22m[39m [32mhmr update [39m[2m/src/pages/MathWorkspace.tsx, /src/index.css[22m
[2m3:29:51 pm[22m [36m[1m[vite][22m[39m [90m[2m(client)[22m[39m [32mhmr update [39m[2m/src/pages/MathWorkspace.tsx, /src/index.css[22m
[2m3:30:36 pm[22m [36m[1m[vite][22m[39m [90m[2m(client)[22m[39m [32mhmr update [39m[2m/src/pages/MathWorkspace.tsx, /src/index.css[22m
[2m3:30:46 pm[22m [36m[1m[vite][22m[39m [90m[2m(client)[22m[39m [32mhmr update [39m[2m/src/pages/MathWorkspace.tsx, /src/index.css[22m
[2m3:33:27 pm[22m [36m[1m[vite][22m[39m [90m[2m(client)[22m[39m [32mhmr update [39m[2m/src/pages/MathWorkspace.tsx, /src/index.css[22m
[2m3:33:43 pm[22m [36m[1m[vite][22m[39m [90m[2m(client)[22m[39m [32mhmr update [39m[2m/src/pages/MathWorkspace.tsx, /src/index.css[22m
[2m3:33:51 pm[22m [36m[1m[vite][22m[39m [90m[2m(client)[22m[39m [32mhmr update [39m[2m/src/pages/MathWorkspace.tsx, /src/index.css[22m
[2m3:34:11 pm[22m [36m[1m[vite][22m[39m [90m[2m(client)[22m[39m [32mhmr update [39m[2m/src/pages/MathWorkspace.tsx, /src/index.css[22m
[2m3:34:33 pm[22m [36m[1m[vite][22m[39m [90m[2m(client)[22m[39m [32mhmr update [39m[2m/src/pages/MathWorkspace.tsx, /src/index.css[22m
[2m3:34:40 pm[22m [36m[1m[vite][22m[39m [90m[2m(client)[22m[39m [32mhmr update [39m[2m/src/index.css[22m
[2m3:37:15 pm[22m [36m[1m[vite][22m[39m [90m[2m(client)[22m[39m [32mhmr update [39m[2m/src/pages/MathWorkspace.tsx, /src/index.css[22m
[2m3:40:14 pm[22m [36m[1m[vite][22m[39m [90m[2m(client)[22m[39m [32mhmr update [39m[2m/src/pages/BoardSyllabusVisualizer.tsx, /src/index.css[22m
[2m3:40:40 pm[22m [36m[1m[vite][22m[39m [90m[2m(client)[22m[39m [32mhmr update [39m[2m/src/pages/BoardSyllabusVisualizer.tsx, /src/index.css[22m
[2m3:40:52 pm[22m [36m[1m[vite][22m[39m [90m[2m(client)[22m[39m [32mhmr update [39m[2m/src/pages/BoardSyllabusVisualizer.tsx, /src/index.css[22m
[2m3:41:39 pm[22m [36m[1m[vite][22m[39m [90m[2m(client)[22m[39m [32mhmr update [39m[2m/src/pages/BoardSyllabusVisualizer.tsx, /src/index.css[22m
[2m3:51:49 pm[22m [36m[1m[vite][22m[39m [90m[2m(client)[22m[39m [32mpage reload [39m[2msrc/workspace/types.ts[22m
[2m3:53:22 pm[22m [36m[1m[vite][22m[39m [90m[2m(client)[22m[39m [32mhmr update [39m[2m/src/index.css, /src/pages/MathWorkspace.tsx, /src/components/workspace/WorkspaceShell.tsx, /src/components/workspace/ObjectList.tsx[22m
[2m3:53:31 pm[22m [36m[1m[vite][22m[39m [90m[2m(client)[22m[39m [32mhmr update [39m[2m/src/index.css, /src/pages/MathWorkspace.tsx, /src/components/workspace/WorkspaceShell.tsx, /src/components/workspace/ObjectList.tsx[22m
[2m3:53:47 pm[22m [36m[1m[vite][22m[39m [90m[2m(client)[22m[39m [32mpage reload [39m[2msrc/workspace/types.ts[22m
[2m3:53:55 pm[22m [36m[1m[vite][22m[39m [90m[2m(client)[22m[39m [32mhmr update [39m[2m/src/index.css, /src/pages/MathWorkspace.tsx, /src/components/workspace/WorkspaceShell.tsx, /src/components/workspace/ObjectList.tsx[22m
[2m3:54:42 pm[22m [36m[1m[vite][22m[39m [90m[2m(client)[22m[39m [32mhmr update [39m[2m/src/index.css, /src/pages/MathWorkspace.tsx, /src/components/workspace/WorkspaceShell.tsx, /src/components/workspace/ObjectList.tsx[22m
[2m3:55:17 pm[22m [36m[1m[vite][22m[39m [90m[2m(client)[22m[39m [32mhmr update [39m[2m/src/index.css, /src/pages/MathWorkspace.tsx, /src/components/workspace/WorkspaceShell.tsx, /src/components/workspace/ObjectList.tsx[22m
[2m3:55:32 pm[22m [36m[1m[vite][22m[39m [90m[2m(client)[22m[39m [32mhmr update [39m[2m/src/components/workspace/InspectorPanel.tsx, /src/index.css[22m
[2m3:55:41 pm[22m [36m[1m[vite][22m[39m [90m[2m(client)[22m[39m [32mhmr update [39m[2m/src/components/workspace/ObjectList.tsx, /src/index.css[22m
[2m3:57:47 pm[22m [36m[1m[vite][22m[39m [90m[2m(client)[22m[39m [32mpage reload [39m[2msrc/workspace/types.ts[22m
[2m3:57:54 pm[22m [36m[1m[vite][22m[39m [90m[2m(client)[22m[39m [32mhmr update [39m[2m/src/index.css, /src/pages/MathWorkspace.tsx, /src/components/workspace/WorkspaceShell.tsx, /src/components/workspace/ObjectList.tsx[22m
[2m3:58:02 pm[22m [36m[1m[vite][22m[39m [90m[2m(client)[22m[39m [32mhmr update [39m[2m/src/components/workspace/ObjectList.tsx, /src/index.css[22m
[2m3:58:08 pm[22m [36m[1m[vite][22m[39m [90m[2m(client)[22m[39m [32mhmr update [39m[2m/src/pages/MathWorkspace.tsx, /src/index.css[22m
[2m3:58:16 pm[22m [36m[1m[vite][22m[39m [90m[2m(client)[22m[39m [32mhmr update [39m[2m/src/pages/MathWorkspace.tsx, /src/index.css[22m
[2m3:58:30 pm[22m [36m[1m[vite][22m[39m [90m[2m(client)[22m[39m [32mhmr update [39m[2m/src/pages/MathWorkspace.tsx, /src/index.css[22m
[2m3:58:39 pm[22m [36m[1m[vite][22m[39m [90m[2m(client)[22m[39m [32mhmr update [39m[2m/src/pages/MathWorkspace.tsx, /src/index.css[22m
[2m3:58:51 pm[22m [36m[1m[vite][22m[39m [90m[2m(client)[22m[39m [32mhmr update [39m[2m/src/pages/MathWorkspace.tsx, /src/index.css[22m
[2m3:58:57 pm[22m [36m[1m[vite][22m[39m [90m[2m(client)[22m[39m [32mhmr update [39m[2m/src/pages/MathWorkspace.tsx, /src/index.css[22m
[2m3:59:36 pm[22m [36m[1m[vite][22m[39m [90m[2m(client)[22m[39m [32mhmr update [39m[2m/src/pages/MathWorkspace.tsx, /src/index.css[22m
[2m4:00:07 pm[22m [36m[1m[vite][22m[39m [90m[2m(client)[22m[39m [32mhmr update [39m[2m/src/pages/MathWorkspace.tsx, /src/index.css[22m
[2m4:00:16 pm[22m [36m[1m[vite][22m[39m [90m[2m(client)[22m[39m [32mhmr update [39m[2m/src/pages/MathWorkspace.tsx, /src/index.css[22m
[2m4:00:24 pm[22m [36m[1m[vite][22m[39m [90m[2m(client)[22m[39m [32mhmr update [39m[2m/src/pages/MathWorkspace.tsx, /src/index.css[22m
[2m4:00:55 pm[22m [36m[1m[vite][22m[39m [90m[2m(client)[22m[39m [32mhmr update [39m[2m/src/pages/MathWorkspace.tsx, /src/index.css[22m
[2m4:01:06 pm[22m [36m[1m[vite][22m[39m [90m[2m(client)[22m[39m [32mhmr update [39m[2m/src/pages/MathWorkspace.tsx, /src/index.css[22m
[2m4:04:03 pm[22m [36m[1m[vite][22m[39m [90m[2m(client)[22m[39m [32mhmr update [39m[2m/src/pages/MathWorkspace.tsx, /src/index.css[22m
[2m4:04:38 pm[22m [36m[1m[vite][22m[39m [90m[2m(client)[22m[39m [32mhmr update [39m[2m/src/pages/MathWorkspace.tsx, /src/index.css[22m
[2m4:05:05 pm[22m [36m[1m[vite][22m[39m [90m[2m(client)[22m[39m [32mhmr update [39m[2m/src/pages/MathWorkspace.tsx, /src/index.css[22m
[2m4:09:10 pm[22m [36m[1m[vite][22m[39m [90m[2m(client)[22m[39m [32mhmr update [39m[2m/src/pages/MathWorkspace.tsx, /src/index.css[22m
[2m4:09:46 pm[22m [36m[1m[vite][22m[39m [90m[2m(client)[22m[39m [32mhmr update [39m[2m/src/pages/MathWorkspace.tsx, /src/index.css[22m
[2m4:13:18 pm[22m [36m[1m[vite][22m[39m [90m[2m(client)[22m[39m [32mhmr update [39m[2m/src/components/workspace/WorkspaceShell.tsx, /src/index.css[22m
[2m4:14:08 pm[22m [36m[1m[vite][22m[39m [90m[2m(client)[22m[39m [32mhmr update [39m[2m/src/components/workspace/InspectorPanel.tsx, /src/index.css[22m
[2m4:14:43 pm[22m [36m[1m[vite][22m[39m [90m[2m(client)[22m[39m [32mhmr update [39m[2m/src/pages/MathWorkspace.tsx, /src/index.css[22m
[2m4:14:57 pm[22m [36m[1m[vite][22m[39m [90m[2m(client)[22m[39m [32mhmr update [39m[2m/src/pages/MathWorkspace.tsx, /src/index.css[22m
[2m4:15:28 pm[22m [36m[1m[vite][22m[39m [90m[2m(client)[22m[39m [32mhmr update [39m[2m/src/components/workspace/InspectorPanel.tsx, /src/index.css[22m
[2m4:15:39 pm[22m [36m[1m[vite][22m[39m [90m[2m(client)[22m[39m [32mhmr update [39m[2m/src/pages/MathWorkspace.tsx, /src/index.css[22m
[2m4:18:46 pm[22m [36m[1m[vite][22m[39m [90m[2m(client)[22m[39m [32mhmr update [39m[2m/src/components/workspace/ObjectList.tsx, /src/index.css[22m
[2m4:18:56 pm[22m [36m[1m[vite][22m[39m [90m[2m(client)[22m[39m [32mhmr update [39m[2m/src/components/workspace/WorkspaceShell.tsx, /src/index.css[22m
[2m4:19:06 pm[22m [36m[1m[vite][22m[39m [90m[2m(client)[22m[39m [32mhmr update [39m[2m/src/pages/MathWorkspace.tsx, /src/index.css[22m
[2m4:19:20 pm[22m [36m[1m[vite][22m[39m [90m[2m(client)[22m[39m [32mhmr update [39m[2m/src/pages/MathWorkspace.tsx, /src/index.css[22m
[2m4:19:35 pm[22m [36m[1m[vite][22m[39m [90m[2m(client)[22m[39m [32mhmr update [39m[2m/src/pages/MathWorkspace.tsx, /src/index.css[22m
[2m4:20:17 pm[22m [36m[1m[vite][22m[39m [90m[2m(client)[22m[39m [32mhmr update [39m[2m/src/pages/MathWorkspace.tsx, /src/index.css[22m
[2m4:20:27 pm[22m [36m[1m[vite][22m[39m [90m[2m(client)[22m[39m [32mhmr update [39m[2m/src/pages/MathWorkspace.tsx, /src/index.css[22m
[2m4:22:41 pm[22m [36m[1m[vite][22m[39m [90m[2m(client)[22m[39m [32mhmr update [39m[2m/src/components/workspace/ObjectList.tsx, /src/index.css[22m
[2m4:22:49 pm[22m [36m[1m[vite][22m[39m [90m[2m(client)[22m[39m [32mhmr update [39m[2m/src/components/workspace/WorkspaceShell.tsx, /src/index.css[22m
[2m4:23:14 pm[22m [36m[1m[vite][22m[39m [90m[2m(client)[22m[39m [32mhmr update [39m[2m/src/components/workspace/ObjectList.tsx, /src/index.css[22m
[2m4:25:12 pm[22m [36m[1m[vite][22m[39m [90m[2m(client)[22m[39m [32mhmr update [39m[2m/src/components/workspace/ObjectList.tsx, /src/index.css[22m
[2m4:25:19 pm[22m [36m[1m[vite][22m[39m [90m[2m(client)[22m[39m [32mhmr update [39m[2m/src/components/workspace/ObjectList.tsx, /src/index.css[22m
[2m4:28:31 pm[22m [36m[1m[vite][22m[39m [90m[2m(client)[22m[39m [32mhmr update [39m[2m/src/components/workspace/ResultTimeline.tsx, /src/index.css[22m
[2m4:28:45 pm[22m [36m[1m[vite][22m[39m [90m[2m(client)[22m[39m [32mhmr update [39m[2m/src/components/workspace/WorkspaceShell.tsx, /src/index.css[22m
[2m4:28:52 pm[22m [36m[1m[vite][22m[39m [90m[2m(client)[22m[39m [32mhmr update [39m[2m/src/pages/MathWorkspace.tsx, /src/index.css[22m
[2m4:34:03 pm[22m [36m[1m[vite][22m[39m [90m[2m(client)[22m[39m [32mhmr update [39m[2m/src/pages/MathWorkspace.tsx, /src/index.css[22m
[2m4:34:08 pm[22m [36m[1m[vite][22m[39m [90m[2m(client)[22m[39m [32mhmr update [39m[2m/src/pages/MathWorkspace.tsx, /src/index.css[22m
[2m4:34:17 pm[22m [36m[1m[vite][22m[39m [90m[2m(client)[22m[39m [32mhmr update [39m[2m/src/pages/MathWorkspace.tsx, /src/index.css[22m
[2m4:34:24 pm[22m [36m[1m[vite][22m[39m [90m[2m(client)[22m[39m [32mhmr update [39m[2m/src/pages/MathWorkspace.tsx, /src/index.css[22m
[2m4:34:33 pm[22m [36m[1m[vite][22m[39m [90m[2m(client)[22m[39m [32mhmr update [39m[2m/src/pages/MathWorkspace.tsx, /src/index.css[22m
[2m4:34:48 pm[22m [36m[1m[vite][22m[39m [90m[2m(client)[22m[39m [32mhmr update [39m[2m/src/pages/MathWorkspace.tsx, /src/index.css[22m
[2m4:34:57 pm[22m [36m[1m[vite][22m[39m [90m[2m(client)[22m[39m [32mhmr update [39m[2m/src/pages/MathWorkspace.tsx, /src/index.css[22m
[2m4:35:05 pm[22m [36m[1m[vite][22m[39m [90m[2m(client)[22m[39m [32mhmr update [39m[2m/src/pages/MathWorkspace.tsx, /src/index.css[22m
[2m4:35:29 pm[22m [36m[1m[vite][22m[39m [90m[2m(client)[22m[39m [32mhmr update [39m[2m/src/pages/MathWorkspace.tsx, /src/index.css[22m
[2m4:36:23 pm[22m [36m[1m[vite][22m[39m [90m[2m(client)[22m[39m [32mhmr update [39m[2m/src/pages/MathWorkspace.tsx, /src/index.css[22m
[2m4:38:09 pm[22m [36m[1m[vite][22m[39m [90m[2m(client)[22m[39m [32mhmr update [39m[2m/src/pages/MathWorkspace.tsx, /src/index.css[22m
[2m4:38:15 pm[22m [36m[1m[vite][22m[39m [90m[2m(client)[22m[39m [32mhmr update [39m[2m/src/pages/MathWorkspace.tsx, /src/index.css[22m
[2m4:38:28 pm[22m [36m[1m[vite][22m[39m [90m[2m(client)[22m[39m [32mhmr update [39m[2m/src/pages/MathWorkspace.tsx, /src/index.css[22m
[2m4:38:35 pm[22m [36m[1m[vite][22m[39m [90m[2m(client)[22m[39m [32mhmr update [39m[2m/src/pages/MathWorkspace.tsx, /src/index.css[22m
[2m4:38:54 pm[22m [36m[1m[vite][22m[39m [90m[2m(client)[22m[39m [32mhmr update [39m[2m/src/pages/MathWorkspace.tsx, /src/index.css[22m
[2m4:39:02 pm[22m [36m[1m[vite][22m[39m [90m[2m(client)[22m[39m [32mhmr update [39m[2m/src/pages/MathWorkspace.tsx, /src/index.css[22m
[2m4:39:07 pm[22m [36m[1m[vite][22m[39m [90m[2m(client)[22m[39m [32mhmr update [39m[2m/src/pages/MathWorkspace.tsx, /src/index.css[22m
[2m4:41:11 pm[22m [36m[1m[vite][22m[39m [90m[2m(client)[22m[39m [32mhmr update [39m[2m/src/index.css, /src/pages/MathWorkspace.tsx[22m
[2m4:41:23 pm[22m [36m[1m[vite][22m[39m [90m[2m(client)[22m[39m [32mhmr update [39m[2m/src/pages/MathWorkspace.tsx, /src/index.css[22m
[2m4:41:37 pm[22m [36m[1m[vite][22m[39m [90m[2m(client)[22m[39m [32mhmr update [39m[2m/src/pages/MathWorkspace.tsx, /src/index.css[22m
[2m4:41:52 pm[22m [36m[1m[vite][22m[39m [90m[2m(client)[22m[39m [32mhmr update [39m[2m/src/pages/MathWorkspace.tsx, /src/index.css[22m
[2m4:42:36 pm[22m [36m[1m[vite][22m[39m [90m[2m(client)[22m[39m [32mhmr update [39m[2m/src/pages/MathWorkspace.tsx, /src/index.css[22m
[2m4:43:00 pm[22m [36m[1m[vite][22m[39m [90m[2m(client)[22m[39m [32mhmr update [39m[2m/src/pages/MathWorkspace.tsx, /src/index.css[22m
[2m4:43:25 pm[22m [36m[1m[vite][22m[39m [90m[2m(client)[22m[39m [32mhmr update [39m[2m/src/pages/MathWorkspace.tsx, /src/index.css[22m
[2m4:43:39 pm[22m [36m[1m[vite][22m[39m [90m[2m(client)[22m[39m [32mhmr update [39m[2m/src/pages/MathWorkspace.tsx, /src/index.css[22m
[2m4:46:36 pm[22m [36m[1m[vite][22m[39m [90m[2m(client)[22m[39m [32mhmr update [39m[2m/src/components/ui/SectionCard.tsx, /src/index.css[22m
[2m4:47:12 pm[22m [36m[1m[vite][22m[39m [90m[2m(client)[22m[39m [32mhmr update [39m[2m/src/index.css, /src/pages/Syllabus.tsx, /src/pages/BoardSyllabusVisualizer.tsx[22m
[2m4:47:18 pm[22m [36m[1m[vite][22m[39m [90m[2m(client)[22m[39m [32mhmr update [39m[2m/src/pages/Syllabus.tsx, /src/index.css[22m
[2m4:47:56 pm[22m [36m[1m[vite][22m[39m [90m[2m(client)[22m[39m [32mhmr update [39m[2m/src/pages/BoardSyllabusVisualizer.tsx, /src/index.css[22m
[2m4:49:08 pm[22m [36m[1m[vite][22m[39m [90m[2m(client)[22m[39m [32mhmr update [39m[2m/src/visualizations/formulas/FormulaVisualizationAtlas.tsx, /src/index.css[22m
[2m4:49:08 pm[22m [36m[1m[vite][22m[39m [90m[2m(client)[22m[39m [32mpage reload [39m[2msrc/components/syllabus/NCERTGapAnalysis.tsx[22m
[2m4:49:08 pm[22m [36m[1m[vite][22m[39m [90m[2m(client)[22m[39m [32mhmr update [39m[2m/src/index.css, /src/pages/Home.tsx, /src/pages/Syllabus.tsx[22m
[2m4:49:08 pm[22m [36m[1m[vite][22m[39m [90m[2m(client)[22m[39m [32mpage reload [39m[2msrc/data/quizData.ts[22m
[2m4:49:08 pm[22m [36m[1m[vite][22m[39m [90m[2m(client)[22m[39m [32mpage reload [39m[2msrc/data/ncertGapAnalysis.ts[22m
[2m4:49:08 pm[22m [36m[1m[vite][22m[39m [90m[2m(client)[22m[39m [32mhmr update [39m[2m/src/index.css, /src/components/seo/SeoMetadata.tsx, /src/pages/Sitemap.tsx, /src/pages/NCERTConceptPage.tsx[22m
[2m4:49:08 pm[22m [36m[1m[vite][22m[39m [90m[2m(client)[22m[39m [32mhmr update [39m[2m/src/index.css, /src/pages/MathLabToolPage.tsx, /src/pages/MathLab.tsx[22m
[2m4:49:08 pm[22m [36m[1m[vite][22m[39m [90m[2m(client)[22m[39m [32mhmr update [39m[2m/src/pages/NCERTConceptPage.tsx, /src/index.css[22m
[2m4:49:08 pm[22m [36m[1m[vite][22m[39m [90m[2m(client)[22m[39m [32mhmr update [39m[2m/src/index.css, /src/pages/Syllabus.tsx, /src/pages/BoardSyllabusVisualizer.tsx[22m
[2m4:51:06 pm[22m [36m[1m[vite][22m[39m [90m[2m(client)[22m[39m [32mhmr update [39m[2m/src/components/ui/SectionCard.tsx, /src/index.css[22m
[2m4:51:15 pm[22m [36m[1m[vite][22m[39m [90m[2m(client)[22m[39m [32mhmr update [39m[2m/src/pages/BoardSyllabusVisualizer.tsx, /src/index.css[22m
[2m4:52:35 pm[22m [36m[1m[vite][22m[39m [90m[2m(client)[22m[39m [32mhmr update [39m[2m/src/components/ui/SectionCard.tsx, /src/index.css[22m
[2m4:52:44 pm[22m [36m[1m[vite][22m[39m [90m[2m(client)[22m[39m [32mhmr update [39m[2m/src/pages/BoardSyllabusVisualizer.tsx, /src/index.css[22m
[2m4:54:45 pm[22m [36m[1m[vite][22m[39m [90m[2m(client)[22m[39m [32mhmr update [39m[2m/src/components/ui/SectionCard.tsx, /src/index.css[22m
[2m4:54:57 pm[22m [36m[1m[vite][22m[39m [90m[2m(client)[22m[39m [32mhmr update [39m[2m/src/pages/BoardSyllabusVisualizer.tsx, /src/index.css[22m
[2m4:55:59 pm[22m [36m[1m[vite][22m[39m [90m[2m(client)[22m[39m [32mhmr update [39m[2m/src/components/ui/SectionCard.tsx, /src/index.css[22m
[2m4:56:08 pm[22m [36m[1m[vite][22m[39m [90m[2m(client)[22m[39m [32mhmr update [39m[2m/src/pages/BoardSyllabusVisualizer.tsx, /src/index.css[22m
[2m5:00:23 pm[22m [36m[1m[vite][22m[39m [90m[2m(client)[22m[39m [32mhmr update [39m[2m/src/pages/BoardSyllabusVisualizer.tsx, /src/index.css[22m
[2m5:02:10 pm[22m [36m[1m[vite][22m[39m [90m[2m(client)[22m[39m [32mhmr update [39m[2m/src/index.css, /src/components/layout/AppLayout.tsx, /src/components/layout/MobileNav.tsx, /src/components/layout/Sidebar.tsx, /src/components/layout/GlobalUx.tsx, /src/pages/Home.tsx, /src/components/ui/ContinueCard.tsx[22m
[2m5:02:11 pm[22m [36m[1m[vite][22m[39m [90m[2m(client)[22m[39m [33mhmr invalidate [39m[2m/src/components/layout/GlobalUx.tsx[22m Could not Fast Refresh ("addQuizXp" export is incompatible). Learn more at https://github.com/vitejs/vite-plugin-react/tree/main/packages/plugin-react#consistent-components-exports
[2m5:02:11 pm[22m [36m[1m[vite][22m[39m [90m[2m(client)[22m[39m [32mhmr update [39m[2m/src/index.css, /src/components/layout/AppLayout.tsx, /src/components/layout/MobileLearningDock.tsx, /src/components/layout/Header.tsx, /src/pages/Home.tsx, /src/pages/Syllabus.tsx[22m
[2m5:57:16 pm[22m [36m[1m[vite][22m[39m [90m[2m(client)[22m[39m [32mhmr update [39m[2m/src/pages/MathWorkspace.tsx, /src/index.css, /src/pages/MathWorkspace.tsx?check=1781093879080, /src/pages/MathWorkspace.tsx?rawcheck=1781094335660[22m
[2m5:57:33 pm[22m [36m[1m[vite][22m[39m [90m[2m(client)[22m[39m [32mhmr update [39m[2m/src/pages/MathWorkspace.tsx, /src/index.css, /src/pages/MathWorkspace.tsx?check=1781093879080, /src/pages/MathWorkspace.tsx?rawcheck=1781094335660[22m
[2m5:57:46 pm[22m [36m[1m[vite][22m[39m [90m[2m(client)[22m[39m [32mhmr update [39m[2m/src/pages/MathWorkspace.tsx, /src/index.css, /src/pages/MathWorkspace.tsx?check=1781093879080, /src/pages/MathWorkspace.tsx?rawcheck=1781094335660[22m
[2m5:57:56 pm[22m [36m[1m[vite][22m[39m [90m[2m(client)[22m[39m [32mhmr update [39m[2m/src/pages/MathWorkspace.tsx, /src/index.css, /src/pages/MathWorkspace.tsx?check=1781093879080, /src/pages/MathWorkspace.tsx?rawcheck=1781094335660[22m
[2m5:58:30 pm[22m [36m[1m[vite][22m[39m [90m[2m(client)[22m[39m [32mhmr update [39m[2m/src/pages/MathWorkspace.tsx, /src/index.css, /src/pages/MathWorkspace.tsx?check=1781093879080, /src/pages/MathWorkspace.tsx?rawcheck=1781094335660[22m
[2m5:58:42 pm[22m [36m[1m[vite][22m[39m [90m[2m(client)[22m[39m [32mhmr update [39m[2m/src/pages/MathWorkspace.tsx, /src/index.css, /src/pages/MathWorkspace.tsx?check=1781093879080, /src/pages/MathWorkspace.tsx?rawcheck=1781094335660[22m
[2m5:58:54 pm[22m [36m[1m[vite][22m[39m [90m[2m(client)[22m[39m [32mhmr update [39m[2m/src/pages/MathWorkspace.tsx, /src/index.css, /src/pages/MathWorkspace.tsx?check=1781093879080, /src/pages/MathWorkspace.tsx?rawcheck=1781094335660[22m
[2m5:59:54 pm[22m [36m[1m[vite][22m[39m [90m[2m(client)[22m[39m [32mhmr update [39m[2m/src/pages/MathWorkspace.tsx, /src/index.css, /src/pages/MathWorkspace.tsx?check=1781093879080, /src/pages/MathWorkspace.tsx?rawcheck=1781094335660[22m
[2m6:05:37 pm[22m [36m[1m[vite][22m[39m [90m[2m(client)[22m[39m [32mhmr update [39m[2m/src/pages/MathWorkspace.tsx, /src/index.css, /src/pages/MathWorkspace.tsx?check=1781093879080, /src/pages/MathWorkspace.tsx?rawcheck=1781094335660[22m
[2m6:06:01 pm[22m [36m[1m[vite][22m[39m [90m[2m(client)[22m[39m [32mhmr update [39m[2m/src/pages/MathWorkspace.tsx, /src/index.css, /src/pages/MathWorkspace.tsx?check=1781093879080, /src/pages/MathWorkspace.tsx?rawcheck=1781094335660[22m
[2m6:06:46 pm[22m [36m[1m[vite][22m[39m [90m[2m(client)[22m[39m [32mhmr update [39m[2m/src/pages/MathWorkspace.tsx, /src/index.css, /src/pages/MathWorkspace.tsx?check=1781093879080, /src/pages/MathWorkspace.tsx?rawcheck=1781094335660[22m
[2m6:06:55 pm[22m [36m[1m[vite][22m[39m [90m[2m(client)[22m[39m [32mhmr update [39m[2m/src/pages/MathWorkspace.tsx, /src/index.css, /src/pages/MathWorkspace.tsx?check=1781093879080, /src/pages/MathWorkspace.tsx?rawcheck=1781094335660[22m
[2m6:07:08 pm[22m [36m[1m[vite][22m[39m [90m[2m(client)[22m[39m [32mhmr update [39m[2m/src/pages/MathWorkspace.tsx, /src/index.css, /src/pages/MathWorkspace.tsx?check=1781093879080, /src/pages/MathWorkspace.tsx?rawcheck=1781094335660[22m
[2m6:07:27 pm[22m [36m[1m[vite][22m[39m [90m[2m(client)[22m[39m [32mhmr update [39m[2m/src/pages/MathWorkspace.tsx, /src/index.css, /src/pages/MathWorkspace.tsx?check=1781093879080, /src/pages/MathWorkspace.tsx?rawcheck=1781094335660[22m
[2m6:08:23 pm[22m [36m[1m[vite][22m[39m [90m[2m(client)[22m[39m [32mhmr update [39m[2m/src/pages/MathWorkspace.tsx, /src/index.css, /src/pages/MathWorkspace.tsx?check=1781093879080, /src/pages/MathWorkspace.tsx?rawcheck=1781094335660[22m
[2m6:08:34 pm[22m [36m[1m[vite][22m[39m [90m[2m(client)[22m[39m [32mhmr update [39m[2m/src/pages/MathWorkspace.tsx, /src/index.css, /src/pages/MathWorkspace.tsx?check=1781093879080, /src/pages/MathWorkspace.tsx?rawcheck=1781094335660[22m
[2m6:08:44 pm[22m [36m[1m[vite][22m[39m [90m[2m(client)[22m[39m [32mhmr update [39m[2m/src/pages/MathWorkspace.tsx, /src/index.css, /src/pages/MathWorkspace.tsx?check=1781093879080, /src/pages/MathWorkspace.tsx?rawcheck=1781094335660[22m
[2m6:08:58 pm[22m [36m[1m[vite][22m[39m [90m[2m(client)[22m[39m [32mhmr update [39m[2m/src/pages/MathWorkspace.tsx, /src/index.css, /src/pages/MathWorkspace.tsx?check=1781093879080, /src/pages/MathWorkspace.tsx?rawcheck=1781094335660[22m
[2m6:09:27 pm[22m [36m[1m[vite][22m[39m [90m[2m(client)[22m[39m [32mhmr update [39m[2m/src/pages/MathWorkspace.tsx, /src/index.css, /src/pages/MathWorkspace.tsx?check=1781093879080, /src/pages/MathWorkspace.tsx?rawcheck=1781094335660[22m
[2m6:09:52 pm[22m [36m[1m[vite][22m[39m [90m[2m(client)[22m[39m [32mhmr update [39m[2m/src/pages/MathWorkspace.tsx, /src/index.css, /src/pages/MathWorkspace.tsx?check=1781093879080, /src/pages/MathWorkspace.tsx?rawcheck=1781094335660[22m
[2m6:10:05 pm[22m [36m[1m[vite][22m[39m [90m[2m(client)[22m[39m [32mhmr update [39m[2m/src/pages/MathWorkspace.tsx, /src/index.css, /src/pages/MathWorkspace.tsx?check=1781093879080, /src/pages/MathWorkspace.tsx?rawcheck=1781094335660[22m
[2m6:10:37 pm[22m [36m[1m[vite][22m[39m [90m[2m(client)[22m[39m [32mhmr update [39m[2m/src/pages/MathWorkspace.tsx, /src/index.css, /src/pages/MathWorkspace.tsx?check=1781093879080, /src/pages/MathWorkspace.tsx?rawcheck=1781094335660[22m
[2m6:10:54 pm[22m [36m[1m[vite][22m[39m [90m[2m(client)[22m[39m [32mhmr update [39m[2m/src/pages/MathWorkspace.tsx, /src/index.css, /src/pages/MathWorkspace.tsx?check=1781093879080, /src/pages/MathWorkspace.tsx?rawcheck=1781094335660[22m
[2m6:11:05 pm[22m [36m[1m[vite][22m[39m [90m[2m(client)[22m[39m [32mhmr update [39m[2m/src/pages/MathWorkspace.tsx, /src/index.css, /src/pages/MathWorkspace.tsx?check=1781093879080, /src/pages/MathWorkspace.tsx?rawcheck=1781094335660[22m
[2m6:11:39 pm[22m [36m[1m[vite][22m[39m [90m[2m(client)[22m[39m [32mhmr update [39m[2m/src/pages/MathWorkspace.tsx, /src/index.css, /src/pages/MathWorkspace.tsx?check=1781093879080, /src/pages/MathWorkspace.tsx?rawcheck=1781094335660[22m
[2m6:12:13 pm[22m [36m[1m[vite][22m[39m [90m[2m(client)[22m[39m [32mhmr update [39m[2m/src/pages/MathWorkspace.tsx, /src/index.css, /src/pages/MathWorkspace.tsx?check=1781093879080, /src/pages/MathWorkspace.tsx?rawcheck=1781094335660[22m
[2m6:12:29 pm[22m [36m[1m[vite][22m[39m [90m[2m(client)[22m[39m [32mhmr update [39m[2m/src/pages/MathWorkspace.tsx, /src/index.css, /src/pages/MathWorkspace.tsx?check=1781093879080, /src/pages/MathWorkspace.tsx?rawcheck=1781094335660[22m
[2m6:13:04 pm[22m [36m[1m[vite][22m[39m [90m[2m(client)[22m[39m [32mhmr update [39m[2m/src/pages/MathWorkspace.tsx, /src/index.css, /src/pages/MathWorkspace.tsx?check=1781093879080, /src/pages/MathWorkspace.tsx?rawcheck=1781094335660[22m
[2m6:18:33 pm[22m [36m[1m[vite][22m[39m [90m[2m(client)[22m[39m [32mhmr update [39m[2m/src/pages/ShapesExplorer.tsx, /src/index.css[22m
[2m6:18:56 pm[22m [36m[1m[vite][22m[39m [90m[2m(client)[22m[39m [32mhmr update [39m[2m/src/pages/ShapesExplorer.tsx, /src/index.css[22m
[2m6:19:34 pm[22m [36m[1m[vite][22m[39m [90m[2m(client)[22m[39m [32mhmr update [39m[2m/src/pages/ShapesExplorer.tsx, /src/index.css[22m
[2m6:21:28 pm[22m [36m[1m[vite][22m[39m [90m[2m(client)[22m[39m [32mhmr update [39m[2m/src/pages/ShapesExplorer.tsx, /src/index.css[22m
[2m6:25:01 pm[22m [36m[1m[vite][22m[39m [90m[2m(client)[22m[39m [32mhmr update [39m[2m/src/pages/TrigonometryConceptPage.tsx, /src/index.css[22m
[2m6:25:16 pm[22m [36m[1m[vite][22m[39m [90m[2m(client)[22m[39m [32mhmr update [39m[2m/src/pages/ShapesExplorer.tsx, /src/index.css[22m
[2m6:27:58 pm[22m [36m[1m[vite][22m[39m [90m[2m(client)[22m[39m [32mhmr update [39m[2m/src/pages/GeometryConceptPage.tsx, /src/index.css[22m
[2m6:28:33 pm[22m [36m[1m[vite][22m[39m [90m[2m(client)[22m[39m [32mhmr update [39m[2m/src/pages/GeometryConceptPage.tsx, /src/index.css[22m
[2m6:28:42 pm[22m [36m[1m[vite][22m[39m [90m[2m(client)[22m[39m [32mhmr update [39m[2m/src/pages/GeometryConceptPage.tsx, /src/index.css[22m
[2m6:43:22 pm[22m [36m[1m[vite][22m[39m [90m[2m(client)[22m[39m [32mhmr update [39m[2m/src/pages/SyllabusUnitConceptPage.tsx, /src/index.css[22m
[2m6:43:35 pm[22m [36m[1m[vite][22m[39m [90m[2m(client)[22m[39m [32mhmr update [39m[2m/src/pages/SyllabusUnitConceptPage.tsx, /src/index.css[22m
[2m6:45:18 pm[22m [36m[1m[vite][22m[39m [90m[2m(client)[22m[39m [32mhmr update [39m[2m/src/pages/SyllabusUnitConceptPage.tsx, /src/index.css[22m
[2m6:45:36 pm[22m [36m[1m[vite][22m[39m [90m[2m(client)[22m[39m [32mhmr update [39m[2m/src/pages/NCERTConceptPage.tsx, /src/index.css[22m
[2m6:46:01 pm[22m [36m[1m[vite][22m[39m [90m[2m(client)[22m[39m [32mhmr update [39m[2m/src/pages/NCERTConceptPage.tsx, /src/index.css[22m
[2m6:49:12 pm[22m [36m[1m[vite][22m[39m [90m[2m(client)[22m[39m [32mhmr update [39m[2m/src/components/ui/SectionCard.tsx, /src/index.css[22m
[2m6:49:29 pm[22m [36m[1m[vite][22m[39m [90m[2m(client)[22m[39m [32mhmr update [39m[2m/src/pages/ShapesExplorer.tsx, /src/index.css[22m
[2m6:49:44 pm[22m [36m[1m[vite][22m[39m [90m[2m(client)[22m[39m [32mhmr update [39m[2m/src/pages/ShapesExplorer.tsx, /src/index.css[22m
[2m6:51:23 pm[22m [36m[1m[vite][22m[39m [90m[2m(client)[22m[39m [32mhmr update [39m[2m/src/pages/BoardSyllabusVisualizer.tsx, /src/index.css[22m
[2m6:55:01 pm[22m [36m[1m[vite][22m[39m [90m[2m(client)[22m[39m [32mhmr update [39m[2m/src/pages/Formulas.tsx, /src/index.css[22m
[2m6:56:18 pm[22m [36m[1m[vite][22m[39m [90m[2m(client)[22m[39m [32mpage reload [39m[2msrc/pages/FormulasWorkspace.tsx[22m
[2m6:56:39 pm[22m [36m[1m[vite][22m[39m [90m[2m(client)[22m[39m [32mhmr update [39m[2m/src/pages/Formulas.tsx[22m
[2m6:56:51 pm[22m [36m[1m[vite][22m[39m [90m[2m(client)[22m[39m [32mpage reload [39m[2msrc/pages/FormulasWorkspace.tsx[22m
[2m6:57:06 pm[22m [36m[1m[vite][22m[39m [90m[2m(client)[22m[39m [32mhmr update [39m[2m/src/pages/FormulasWorkspace.tsx, /src/index.css[22m
[2m6:57:18 pm[22m [36m[1m[vite][22m[39m [90m[2m(client)[22m[39m [32mhmr update [39m[2m/src/index.css[22m
[2m6:57:32 pm[22m [36m[1m[vite][22m[39m [32mvite.config.ts changed, restarting server...[39m
[2m6:57:32 pm[22m [36m[1m[vite][22m[39m server restarted.

  [32m➜[39m  [1mLocal[22m:   [36mhttp://localhost:[1m3344[22m/[39m
  [32m➜[39m  [1mNetwork[22m: [36mhttp://192.168.56.1:[1m3344[22m/[39m
  [32m➜[39m  [1mNetwork[22m: [36mhttp://172.28.128.1:[1m3344[22m/[39m
  [32m➜[39m  [1mNetwork[22m: [36mhttp://10.51.167.80:[1m3344[22m/[39m
  [32m➜[39m  [1mNetwork[22m: [36mhttp://10.51.167.204:[1m3344[22m/[39m
[2m6:57:58 pm[22m [36m[1m[vite][22m[39m [32mvite.config.js changed, restarting server...[39m
[2m6:57:58 pm[22m [36m[1m[vite][22m[39m server restarted.

  [32m➜[39m  [1mLocal[22m:   [36mhttp://localhost:[1m3344[22m/[39m
  [32m➜[39m  [1mNetwork[22m: [36mhttp://192.168.56.1:[1m3344[22m/[39m
  [32m➜[39m  [1mNetwork[22m: [36mhttp://172.28.128.1:[1m3344[22m/[39m
  [32m➜[39m  [1mNetwork[22m: [36mhttp://10.51.167.204:[1m3344[22m/[39m
  [32m➜[39m  [1mNetwork[22m: [36mhttp://10.51.167.80:[1m3344[22m/[39m
[2m6:59:49 pm[22m [36m[1m[vite][22m[39m [90m[2m(client)[22m[39m [32mpage reload [39m[2msrc/pages/FormulasWorkspace.tsx[22m
[2m7:02:39 pm[22m [36m[1m[vite][22m[39m [90m[2m(client)[22m[39m [32mhmr update [39m[2m/src/components/layout/GlobalUx.tsx, /src/index.css[22m
[2m7:03:10 pm[22m [36m[1m[vite][22m[39m [90m[2m(client)[22m[39m [32mhmr update [39m[2m/src/components/layout/GlobalUx.tsx, /src/index.css[22m
[2m7:03:36 pm[22m [36m[1m[vite][22m[39m [90m[2m(client)[22m[39m [32mhmr update [39m[2m/src/components/ui/UiFeedback.tsx, /src/index.css[22m
[2m7:03:55 pm[22m [36m[1m[vite][22m[39m [90m[2m(client)[22m[39m [32mpage reload [39m[2msrc/components/workspace/CommandBar.tsx[22m
[2m7:04:13 pm[22m [36m[1m[vite][22m[39m [90m[2m(client)[22m[39m [32mpage reload [39m[2msrc/components/workspace/ToolRail.tsx[22m
[2m7:04:38 pm[22m [36m[1m[vite][22m[39m [90m[2m(client)[22m[39m [32mpage reload [39m[2msrc/components/workspace/WorkspaceShell.tsx[22m
[2m7:04:48 pm[22m [36m[1m[vite][22m[39m [90m[2m(client)[22m[39m [32mpage reload [39m[2msrc/components/workspace/WorkspaceShell.tsx[22m
[2m7:05:18 pm[22m [36m[1m[vite][22m[39m [90m[2m(client)[22m[39m [32mhmr update [39m[2m/src/index.css[22m
[2m7:05:59 pm[22m [36m[1m[vite][22m[39m [90m[2m(client)[22m[39m [32mhmr update [39m[2m/src/components/layout/GlobalUx.tsx, /src/index.css[22m
[2m7:07:00 pm[22m [36m[1m[vite][22m[39m [90m[2m(client)[22m[39m [32mpage reload [39m[2msrc/components/workspace/CommandBar.tsx[22m
