
> math-universe-visualizations@0.1.1 dev
> vite --host 0.0.0.0 --port 3526


  [32m[1mVITE[22m v6.4.2[39m  [2mready in [0m[1m444[22m[2m[0m ms[22m

  [32m➜[39m  [1mLocal[22m:   [36mhttp://localhost:[1m3526[22m/[39m
  [32m➜[39m  [1mNetwork[22m: [36mhttp://192.168.56.1:[1m3526[22m/[39m
  [32m➜[39m  [1mNetwork[22m: [36mhttp://172.28.128.1:[1m3526[22m/[39m
  [32m➜[39m  [1mNetwork[22m: [36mhttp://10.51.167.80:[1m3526[22m/[39m
  [32m➜[39m  [1mNetwork[22m: [36mhttp://10.51.167.204:[1m3526[22m/[39m
[2m7:22:56 am[22m [36m[1m[vite][22m[39m [90m[2m(client)[22m[39m [32mhmr update [39m[2m/src/pages/MathWorkspace.tsx, /src/index.css[22m
[2m7:23:18 am[22m [36m[1m[vite][22m[39m [90m[2m(client)[22m[39m [32mhmr update [39m[2m/src/pages/MathWorkspace.tsx, /src/index.css[22m
[2m7:26:14 am[22m [36m[1m[vite][22m[39m [90m[2m(client)[22m[39m [32mhmr update [39m[2m/src/pages/MathWorkspace.tsx, /src/index.css[22m
[2m7:26:25 am[22m [36m[1m[vite][22m[39m [90m[2m(client)[22m[39m [32mhmr update [39m[2m/src/pages/MathWorkspace.tsx, /src/index.css[22m
[2m7:26:35 am[22m [36m[1m[vite][22m[39m [90m[2m(client)[22m[39m [32mhmr update [39m[2m/src/pages/MathWorkspace.tsx, /src/index.css[22m
[2m7:26:41 am[22m [36m[1m[vite][22m[39m [90m[2m(client)[22m[39m [32mhmr update [39m[2m/src/pages/MathWorkspace.tsx, /src/index.css[22m
[2m7:26:52 am[22m [36m[1m[vite][22m[39m [90m[2m(client)[22m[39m [32mhmr update [39m[2m/src/pages/MathWorkspace.tsx, /src/index.css[22m
[2m7:27:04 am[22m [36m[1m[vite][22m[39m [90m[2m(client)[22m[39m [32mhmr update [39m[2m/src/pages/MathWorkspace.tsx, /src/index.css[22m
[2m7:34:32 am[22m [36m[1m[vite][22m[39m [90m[2m(client)[22m[39m [32mhmr update [39m[2m/src/pages/MathLabCasNotebook.tsx, /src/index.css[22m
[2m7:39:54 am[22m [36m[1m[vite][22m[39m [90m[2m(client)[22m[39m [32mhmr update [39m[2m/src/pages/EngineeringMath.tsx, /src/index.css[22m
[2m7:40:14 am[22m [36m[1m[vite][22m[39m [90m[2m(client)[22m[39m [32mhmr update [39m[2m/src/pages/EngineeringMath.tsx, /src/index.css[22m
[2m7:40:19 am[22m [36m[1m[vite][22m[39m [90m[2m(client)[22m[39m [32mhmr update [39m[2m/src/pages/EngineeringMath.tsx, /src/index.css[22m
[2m7:42:39 am[22m [36m[1m[vite][22m[39m [90m[2m(client)[22m[39m [32mhmr update [39m[2m/src/index.css, /src/components/seo/SeoMetadata.tsx, /src/components/layout/Sidebar.tsx, /src/pages/AdvancedSyllabusLabPage.tsx[22m
[2m7:42:39 am[22m [36m[1m[vite][22m[39m [90m[2m(client)[22m[39m [33mhmr invalidate [39m[2m/src/components/layout/Sidebar.tsx[22m Could not Fast Refresh ("filterNavItems" export is incompatible). Learn more at https://github.com/vitejs/vite-plugin-react/tree/main/packages/plugin-react#consistent-components-exports
[2m7:42:39 am[22m [36m[1m[vite][22m[39m [90m[2m(client)[22m[39m [32mhmr update [39m[2m/src/components/layout/AppLayout.tsx, /src/index.css[22m
[2m7:42:59 am[22m [36m[1m[vite][22m[39m [90m[2m(client)[22m[39m [32mhmr update [39m[2m/src/index.css, /src/pages/Home.tsx, /src/pages/EngineeringMath.tsx[22m
[2m7:48:10 am[22m [36m[1m[vite][22m[39m [90m[2m(client)[22m[39m [32mhmr update [39m[2m/src/index.css, /src/pages/EngineeringMath.tsx[22m
[2m7:49:08 am[22m [36m[1m[vite][22m[39m [90m[2m(client)[22m[39m [32mhmr update [39m[2m/src/index.css, /src/pages/EngineeringMath.tsx[22m
[2m7:49:30 am[22m [36m[1m[vite][22m[39m [90m[2m(client)[22m[39m [32mpage reload [39m[2msrc/data/engineeringLabLaunchers.test.ts[22m
[2m7:49:35 am[22m [36m[1m[vite][22m[39m [90m[2m(client)[22m[39m [32mhmr update [39m[2m/src/index.css, /src/pages/EngineeringMath.tsx[22m
[2m7:49:42 am[22m [36m[1m[vite][22m[39m [90m[2m(client)[22m[39m [32mpage reload [39m[2msrc/data/engineeringCaseStudies.test.ts[22m
[2m7:51:33 am[22m [36m[1m[vite][22m[39m [90m[2m(client)[22m[39m [32mhmr update [39m[2m/src/index.css, /src/pages/EngineeringMath.tsx[22m
[2m7:51:39 am[22m [36m[1m[vite][22m[39m [90m[2m(client)[22m[39m [32mpage reload [39m[2msrc/data/engineeringProjects.test.ts[22m
[2m7:52:08 am[22m [36m[1m[vite][22m[39m [90m[2m(client)[22m[39m [32mhmr update [39m[2m/src/index.css, /src/pages/EngineeringMath.tsx[22m
[2m7:52:24 am[22m [36m[1m[vite][22m[39m [90m[2m(client)[22m[39m [32mhmr update [39m[2m/src/index.css, /src/pages/EngineeringMath.tsx[22m
[2m7:52:34 am[22m [36m[1m[vite][22m[39m [90m[2m(client)[22m[39m [32mhmr update [39m[2m/src/index.css, /src/pages/EngineeringMath.tsx[22m
[2m7:52:39 am[22m [36m[1m[vite][22m[39m [90m[2m(client)[22m[39m [32mhmr update [39m[2m/src/index.css, /src/pages/EngineeringMath.tsx[22m
[2m7:52:43 am[22m [36m[1m[vite][22m[39m [90m[2m(client)[22m[39m [32mhmr update [39m[2m/src/index.css, /src/pages/EngineeringMath.tsx[22m
[2m7:53:01 am[22m [36m[1m[vite][22m[39m [90m[2m(client)[22m[39m [32mpage reload [39m[2msrc/data/engineeringPracticePacks.test.ts[22m
[2m7:53:08 am[22m [36m[1m[vite][22m[39m [90m[2m(client)[22m[39m [32mpage reload [39m[2msrc/data/engineeringWorkedExamples.test.ts[22m
[2m7:53:14 am[22m [36m[1m[vite][22m[39m [90m[2m(client)[22m[39m [32mpage reload [39m[2msrc/data/engineeringSimulationScenarios.test.ts[22m
[2m7:53:18 am[22m [36m[1m[vite][22m[39m [90m[2m(client)[22m[39m [32mpage reload [39m[2msrc/data/engineeringMathSolvers.test.ts[22m
[2m7:53:31 am[22m [36m[1m[vite][22m[39m [90m[2m(client)[22m[39m [32mhmr update [39m[2m/src/index.css, /src/pages/EngineeringMath.tsx[22m
[2m7:53:36 am[22m [36m[1m[vite][22m[39m [90m[2m(client)[22m[39m [32mpage reload [39m[2msrc/data/engineeringAssessmentPlanner.test.ts[22m
[2m7:53:54 am[22m [36m[1m[vite][22m[39m [90m[2m(client)[22m[39m [32mhmr update [39m[2m/src/index.css, /src/pages/EngineeringMath.tsx[22m
[2m7:55:54 am[22m [36m[1m[vite][22m[39m [90m[2m(client)[22m[39m [32mhmr update [39m[2m/src/pages/EngineeringMath.tsx, /src/index.css[22m
[2m7:56:19 am[22m [36m[1m[vite][22m[39m [90m[2m(client)[22m[39m [32mhmr update [39m[2m/src/pages/EngineeringMath.tsx, /src/index.css[22m
[2m7:56:35 am[22m [36m[1m[vite][22m[39m [90m[2m(client)[22m[39m [32mhmr update [39m[2m/src/pages/EngineeringMath.tsx, /src/index.css[22m
[2m7:56:42 am[22m [36m[1m[vite][22m[39m [90m[2m(client)[22m[39m [32mpage reload [39m[2msrc/data/engineeringConceptCoverage.test.ts[22m
[2m8:00:30 am[22m [36m[1m[vite][22m[39m [90m[2m(client)[22m[39m [32mhmr update [39m[2m/src/pages/MathWorkspace.tsx, /src/index.css[22m
[2m8:00:52 am[22m [36m[1m[vite][22m[39m [90m[2m(client)[22m[39m [32mhmr update [39m[2m/src/pages/MathWorkspace.tsx, /src/index.css[22m
[2m8:01:02 am[22m [36m[1m[vite][22m[39m [90m[2m(client)[22m[39m [32mhmr update [39m[2m/src/pages/MathWorkspace.tsx, /src/index.css[22m
[2m8:37:39 am[22m [36m[1m[vite][22m[39m [90m[2m(client)[22m[39m [32mhmr update [39m[2m/src/pages/EngineeringMath.tsx, /src/index.css[22m
[2m8:37:57 am[22m [36m[1m[vite][22m[39m [90m[2m(client)[22m[39m [32mhmr update [39m[2m/src/pages/EngineeringMath.tsx, /src/index.css[22m
[2m8:38:30 am[22m [36m[1m[vite][22m[39m [90m[2m(client)[22m[39m [32mpage reload [39m[2msrc/data/engineeringConceptCoverage.test.ts[22m
[2m8:40:06 am[22m [36m[1m[vite][22m[39m [90m[2m(client)[22m[39m [32mhmr update [39m[2m/src/index.css, /src/components/seo/SeoMetadata.tsx, /src/components/layout/Sidebar.tsx, /src/pages/AdvancedSyllabusLabPage.tsx[22m
[2m8:40:41 am[22m [36m[1m[vite][22m[39m [90m[2m(client)[22m[39m [32mhmr update [39m[2m/src/index.css, /src/components/seo/SeoMetadata.tsx, /src/components/layout/Sidebar.tsx, /src/pages/AdvancedSyllabusLabPage.tsx[22m
[2m8:40:41 am[22m [36m[1m[vite][22m[39m [90m[2m(client)[22m[39m [33mhmr invalidate [39m[2m/src/components/layout/Sidebar.tsx[22m Could not Fast Refresh ("filterNavItems" export is incompatible). Learn more at https://github.com/vitejs/vite-plugin-react/tree/main/packages/plugin-react#consistent-components-exports
[2m8:40:41 am[22m [36m[1m[vite][22m[39m [90m[2m(client)[22m[39m [32mhmr update [39m[2m/src/components/layout/AppLayout.tsx, /src/index.css[22m
[2m8:40:49 am[22m [36m[1m[vite][22m[39m [90m[2m(client)[22m[39m [32mhmr update [39m[2m/src/pages/EngineeringMath.tsx, /src/index.css[22m
[2m8:41:15 am[22m [36m[1m[vite][22m[39m [90m[2m(client)[22m[39m [32mhmr update [39m[2m/src/pages/EngineeringMath.tsx, /src/index.css[22m
[2m8:41:25 am[22m [36m[1m[vite][22m[39m [90m[2m(client)[22m[39m [32mpage reload [39m[2msrc/data/engineeringConceptCoverage.test.ts[22m
[2m8:41:41 am[22m [36m[1m[vite][22m[39m [90m[2m(client)[22m[39m [32mhmr update [39m[2m/src/pages/EngineeringMath.tsx, /src/index.css[22m
[2m8:44:23 am[22m [36m[1m[vite][22m[39m [90m[2m(client)[22m[39m [32mhmr update [39m[2m/src/index.css, /src/components/seo/SeoMetadata.tsx, /src/components/layout/Sidebar.tsx, /src/pages/AdvancedSyllabusLabPage.tsx, /src/pages/EngineeringMath.tsx[22m
[2m8:44:23 am[22m [36m[1m[vite][22m[39m [90m[2m(client)[22m[39m [33mhmr invalidate [39m[2m/src/components/layout/Sidebar.tsx[22m Could not Fast Refresh ("filterNavItems" export is incompatible). Learn more at https://github.com/vitejs/vite-plugin-react/tree/main/packages/plugin-react#consistent-components-exports
[2m8:44:23 am[22m [36m[1m[vite][22m[39m [90m[2m(client)[22m[39m [32mhmr update [39m[2m/src/components/layout/AppLayout.tsx, /src/index.css[22m
[2m8:44:55 am[22m [36m[1m[vite][22m[39m [90m[2m(client)[22m[39m [32mhmr update [39m[2m/src/pages/EngineeringMath.tsx, /src/index.css[22m
[2m8:45:04 am[22m [36m[1m[vite][22m[39m [90m[2m(client)[22m[39m [32mhmr update [39m[2m/src/pages/EngineeringMath.tsx, /src/index.css[22m
[2m8:49:08 am[22m [36m[1m[vite][22m[39m [90m[2m(client)[22m[39m [32mhmr update [39m[2m/src/index.css, /src/components/seo/SeoMetadata.tsx, /src/components/layout/Sidebar.tsx, /src/pages/AdvancedSyllabusLabPage.tsx, /src/pages/EngineeringMath.tsx[22m
[2m8:49:09 am[22m [36m[1m[vite][22m[39m [90m[2m(client)[22m[39m [33mhmr invalidate [39m[2m/src/components/layout/Sidebar.tsx[22m Could not Fast Refresh ("filterNavItems" export is incompatible). Learn more at https://github.com/vitejs/vite-plugin-react/tree/main/packages/plugin-react#consistent-components-exports
[2m8:49:09 am[22m [36m[1m[vite][22m[39m [90m[2m(client)[22m[39m [32mhmr update [39m[2m/src/components/layout/AppLayout.tsx, /src/index.css[22m
[2m8:49:27 am[22m [36m[1m[vite][22m[39m [90m[2m(client)[22m[39m [32mpage reload [39m[2msrc/components/syllabus/SyllabusTopicCard.tsx[22m
[2m8:51:16 am[22m [36m[1m[vite][22m[39m [90m[2m(client)[22m[39m [32mhmr update [39m[2m/src/pages/AdvancedSyllabusLabPage.tsx, /src/index.css[22m
[2m6:47:20 pm[22m [36m[1m[vite][22m[39m [90m[2m(client)[22m[39m [32mhmr update [39m[2m/src/components/ui/FormulaBlock.tsx, /src/index.css[22m
[2m6:47:45 pm[22m [36m[1m[vite][22m[39m [90m[2m(client)[22m[39m [32mhmr update [39m[2m/src/components/syllabus/SyllabusTopicCard.tsx, /src/index.css[22m
[2m6:48:04 pm[22m [36m[1m[vite][22m[39m [90m[2m(client)[22m[39m [32mhmr update [39m[2m/src/pages/AdvancedSyllabusLabPage.tsx, /src/index.css[22m
[2m6:52:49 pm[22m [36m[1m[vite][22m[39m [90m[2m(client)[22m[39m [32mpage reload [39m[2msrc/pages/FormulasWorkspace.tsx[22m
[2m6:55:47 pm[22m [36m[1m[vite][22m[39m [90m[2m(client)[22m[39m [32mhmr update [39m[2m/src/components/syllabus/ConceptVisualMedia.tsx, /src/index.css[22m
[2m6:55:48 pm[22m [36m[1m[vite][22m[39m [90m[2m(client)[22m[39m [33mhmr invalidate [39m[2m/src/components/syllabus/ConceptVisualMedia.tsx[22m Could not Fast Refresh ("conceptArtForText" export is incompatible). Learn more at https://github.com/vitejs/vite-plugin-react/tree/main/packages/plugin-react#consistent-components-exports
[2m6:55:48 pm[22m [36m[1m[vite][22m[39m [90m[2m(client)[22m[39m [32mhmr update [39m[2m/src/components/ui/FormulaBlock.tsx, /src/index.css, /src/pages/AdvancedSyllabusLabPage.tsx, /src/pages/FormulasWorkspace.tsx[22m
[2m6:56:06 pm[22m [36m[1m[vite][22m[39m [90m[2m(client)[22m[39m [32mhmr update [39m[2m/src/components/ui/FormulaBlock.tsx, /src/index.css[22m
[2m6:59:53 pm[22m [36m[1m[vite][22m[39m [90m[2m(client)[22m[39m [32mhmr update [39m[2m/src/pages/MathWorkspace.tsx, /src/index.css[22m
[2m7:00:16 pm[22m [36m[1m[vite][22m[39m [90m[2m(client)[22m[39m [32mhmr update [39m[2m/src/pages/MathWorkspace.tsx, /src/index.css[22m
[2m7:04:39 pm[22m [36m[1m[vite][22m[39m [90m[2m(client)[22m[39m [32mhmr update [39m[2m/src/pages/MathWorkspace.tsx, /src/index.css[22m
[2m7:05:03 pm[22m [36m[1m[vite][22m[39m [90m[2m(client)[22m[39m [32mhmr update [39m[2m/src/pages/MathWorkspace.tsx, /src/index.css[22m
[2m7:05:25 pm[22m [36m[1m[vite][22m[39m [90m[2m(client)[22m[39m [32mhmr update [39m[2m/src/pages/MathWorkspace.tsx, /src/index.css[22m
[2m7:05:50 pm[22m [36m[1m[vite][22m[39m [90m[2m(client)[22m[39m [32mhmr update [39m[2m/src/pages/MathWorkspace.tsx, /src/index.css[22m
[2m8:00:16 pm[22m [36m[1m[vite][22m[39m [90m[2m(client)[22m[39m [32mhmr update [39m[2m/src/pages/StepByStepProblemSolver.tsx, /src/index.css[22m
[2m8:01:19 pm[22m [36m[1m[vite][22m[39m [90m[2m(client)[22m[39m [32mhmr update [39m[2m/src/pages/StepByStepProblemSolver.tsx, /src/index.css[22m
[2m8:06:04 pm[22m [36m[1m[vite][22m[39m [90m[2m(client)[22m[39m [32mhmr update [39m[2m/src/pages/StepByStepProblemSolver.tsx, /src/index.css[22m
[2m8:13:30 pm[22m [36m[1m[vite][22m[39m [90m[2m(client)[22m[39m [32mpage reload [39m[2msrc/problem-solver/problemTypes.ts[22m
[2m8:13:56 pm[22m [36m[1m[vite][22m[39m [90m[2m(client)[22m[39m [32mhmr update [39m[2m/src/pages/StepByStepProblemSolver.tsx, /src/index.css[22m
[2m8:14:55 pm[22m [36m[1m[vite][22m[39m [90m[2m(client)[22m[39m [32mhmr update [39m[2m/src/pages/StepByStepProblemSolver.tsx, /src/index.css[22m
[2m8:15:14 pm[22m [36m[1m[vite][22m[39m [90m[2m(client)[22m[39m [32mhmr update [39m[2m/src/pages/StepByStepProblemSolver.tsx, /src/index.css[22m
[2m8:16:37 pm[22m [36m[1m[vite][22m[39m [90m[2m(client)[22m[39m [32mhmr update [39m[2m/src/pages/StepByStepProblemSolver.tsx, /src/index.css[22m
[2m8:24:02 pm[22m [36m[1m[vite][22m[39m [90m[2m(client)[22m[39m [32mhmr update [39m[2m/src/pages/StepByStepProblemSolver.tsx, /src/index.css[22m
[2m8:27:23 pm[22m [36m[1m[vite][22m[39m [90m[2m(client)[22m[39m [32mhmr update [39m[2m/src/pages/StepByStepProblemSolver.tsx, /src/index.css[22m
[2m8:27:29 pm[22m [36m[1m[vite][22m[39m [90m[2m(client)[22m[39m [32mpage reload [39m[2msrc/problem-solver/expressionOperationSolver.test.ts[22m
[2m8:31:29 pm[22m [36m[1m[vite][22m[39m [90m[2m(client)[22m[39m [32mhmr update [39m[2m/src/pages/StepByStepProblemSolver.tsx, /src/index.css[22m
[2m8:32:12 pm[22m [36m[1m[vite][22m[39m [90m[2m(client)[22m[39m [32mhmr update [39m[2m/src/pages/StepByStepProblemSolver.tsx, /src/index.css[22m
[2m8:34:23 pm[22m [36m[1m[vite][22m[39m [90m[2m(client)[22m[39m [32mhmr update [39m[2m/src/pages/StepByStepProblemSolver.tsx, /src/index.css[22m
[2m8:34:59 pm[22m [36m[1m[vite][22m[39m [90m[2m(client)[22m[39m [32mhmr update [39m[2m/src/pages/StepByStepProblemSolver.tsx, /src/index.css[22m
[2m8:38:13 pm[22m [36m[1m[vite][22m[39m [90m[2m(client)[22m[39m [32mhmr update [39m[2m/src/pages/StepByStepProblemSolver.tsx, /src/index.css[22m
[2m8:41:37 pm[22m [36m[1m[vite][22m[39m [90m[2m(client)[22m[39m [32mhmr update [39m[2m/src/pages/StepByStepProblemSolver.tsx, /src/index.css[22m
[2m8:43:19 pm[22m [36m[1m[vite][22m[39m [90m[2m(client)[22m[39m [32mhmr update [39m[2m/src/pages/StepByStepProblemSolver.tsx, /src/index.css[22m
[2m8:45:42 pm[22m [36m[1m[vite][22m[39m [90m[2m(client)[22m[39m [32mhmr update [39m[2m/src/pages/StepByStepProblemSolver.tsx, /src/index.css[22m
[2m8:48:04 pm[22m [36m[1m[vite][22m[39m [90m[2m(client)[22m[39m [32mhmr update [39m[2m/src/pages/StepByStepProblemSolver.tsx, /src/index.css[22m
[2m8:49:53 pm[22m [36m[1m[vite][22m[39m [90m[2m(client)[22m[39m [32mhmr update [39m[2m/src/pages/StepByStepProblemSolver.tsx, /src/index.css[22m
[2m8:50:32 pm[22m [36m[1m[vite][22m[39m [90m[2m(client)[22m[39m [32mhmr update [39m[2m/src/pages/StepByStepProblemSolver.tsx, /src/index.css[22m
[2m8:57:32 pm[22m [36m[1m[vite][22m[39m [90m[2m(client)[22m[39m [32mhmr update [39m[2m/src/pages/StepByStepProblemSolver.tsx, /src/index.css[22m
[2m8:59:22 pm[22m [36m[1m[vite][22m[39m [90m[2m(client)[22m[39m [32mhmr update [39m[2m/src/pages/StepByStepProblemSolver.tsx, /src/index.css[22m
[2m8:59:49 pm[22m [36m[1m[vite][22m[39m [90m[2m(client)[22m[39m [32mpage reload [39m[2msrc/problem-solver/calculusSolver.test.ts[22m
[2m9:04:57 pm[22m [36m[1m[vite][22m[39m [90m[2m(client)[22m[39m [32mhmr update [39m[2m/src/problem-solver/ProblemGraph.tsx, /src/index.css[22m
[2m9:04:58 pm[22m [36m[1m[vite][22m[39m [90m[2m(client)[22m[39m [33mhmr invalidate [39m[2m/src/problem-solver/ProblemGraph.tsx[22m Could not Fast Refresh (new export)
[2m9:04:58 pm[22m [36m[1m[vite][22m[39m [90m[2m(client)[22m[39m [32mhmr update [39m[2m/src/pages/StepByStepProblemSolver.tsx, /src/index.css[22m
[2m9:06:02 pm[22m [36m[1m[vite][22m[39m [90m[2m(client)[22m[39m [32mhmr update [39m[2m/src/pages/StepByStepProblemSolver.tsx, /src/index.css[22m
[2m9:06:15 pm[22m [36m[1m[vite][22m[39m [90m[2m(client)[22m[39m [32mhmr update [39m[2m/src/pages/StepByStepProblemSolver.tsx, /src/index.css[22m
[2m9:06:40 pm[22m [36m[1m[vite][22m[39m [90m[2m(client)[22m[39m [32mhmr update [39m[2m/src/pages/StepByStepProblemSolver.tsx, /src/index.css[22m
[2m9:07:25 pm[22m [36m[1m[vite][22m[39m [90m[2m(client)[22m[39m [32mhmr update [39m[2m/src/index.css, /src/pages/StepByStepProblemSolver.tsx[22m
[2m9:13:25 pm[22m [36m[1m[vite][22m[39m [90m[2m(client)[22m[39m [32mhmr update [39m[2m/src/pages/StepByStepProblemSolver.tsx, /src/index.css[22m
[2m9:18:10 pm[22m [36m[1m[vite][22m[39m [90m[2m(client)[22m[39m [32mhmr update [39m[2m/src/pages/StepByStepProblemSolver.tsx, /src/index.css[22m
[2m9:20:35 pm[22m [36m[1m[vite][22m[39m [90m[2m(client)[22m[39m [32mhmr update [39m[2m/src/pages/StepByStepProblemSolver.tsx, /src/index.css[22m
[2m9:21:15 pm[22m [36m[1m[vite][22m[39m [90m[2m(client)[22m[39m [32mhmr update [39m[2m/src/problem-solver/MathTokenHighlighter.tsx, /src/index.css[22m
[2m9:21:55 pm[22m [36m[1m[vite][22m[39m [90m[2m(client)[22m[39m [32mhmr update [39m[2m/src/problem-solver/MathTokenHighlighter.tsx[22m
[2m9:22:10 pm[22m [36m[1m[vite][22m[39m [90m[2m(client)[22m[39m [32mhmr update [39m[2m/src/pages/StepByStepProblemSolver.tsx, /src/index.css[22m
[2m9:22:20 pm[22m [36m[1m[vite][22m[39m [90m[2m(client)[22m[39m [32mhmr update [39m[2m/src/pages/StepByStepProblemSolver.tsx, /src/index.css[22m
[2m9:22:25 pm[22m [36m[1m[vite][22m[39m [90m[2m(client)[22m[39m [32mpage reload [39m[2msrc/problem-solver/mathKeywordRecognizer.test.ts[22m
[2m9:22:47 pm[22m [36m[1m[vite][22m[39m [90m[2m(client)[22m[39m [32mpage reload [39m[2msrc/problem-solver/mathKeywordRecognizer.test.ts[22m
[2m9:25:21 pm[22m [36m[1m[vite][22m[39m [90m[2m(client)[22m[39m [32mhmr update [39m[2m/src/pages/StepByStepProblemSolver.tsx, /src/index.css[22m
[2m9:26:18 pm[22m [36m[1m[vite][22m[39m [90m[2m(client)[22m[39m [32mhmr update [39m[2m/src/index.css, /src/pages/StepByStepProblemSolver.tsx[22m
[2m9:32:57 pm[22m [36m[1m[vite][22m[39m [90m[2m(client)[22m[39m [32mhmr update [39m[2m/src/pages/StepByStepProblemSolver.tsx, /src/index.css[22m
[2m9:33:05 pm[22m [36m[1m[vite][22m[39m [90m[2m(client)[22m[39m [32mpage reload [39m[2msrc/problem-solver/mathKeywordRecognizer.ts[22m
[2m9:33:13 pm[22m [36m[1m[vite][22m[39m [90m[2m(client)[22m[39m [32mpage reload [39m[2msrc/problem-solver/mathKeywordRecognizer.ts[22m
[2m9:33:23 pm[22m [36m[1m[vite][22m[39m [90m[2m(client)[22m[39m [32mpage reload [39m[2msrc/problem-solver/mathSuggestions.ts[22m
[2m9:33:37 pm[22m [36m[1m[vite][22m[39m [90m[2m(client)[22m[39m [32mpage reload [39m[2msrc/problem-solver/mathSuggestions.ts[22m
[2m9:33:43 pm[22m [36m[1m[vite][22m[39m [90m[2m(client)[22m[39m [32mhmr update [39m[2m/src/problem-solver/MathTokenHighlighter.tsx, /src/index.css[22m
[2m9:33:52 pm[22m [36m[1m[vite][22m[39m [90m[2m(client)[22m[39m [32mhmr update [39m[2m/src/problem-solver/MathTokenHighlighter.tsx[22m
[2m9:51:34 pm[22m [36m[1m[vite][22m[39m [90m[2m(client)[22m[39m [32mhmr update [39m[2m/src/index.css, /src/pages/StepByStepProblemSolver.tsx[22m
[2m9:52:16 pm[22m [36m[1m[vite][22m[39m [90m[2m(client)[22m[39m [32mhmr update [39m[2m/src/index.css, /src/pages/StepByStepProblemSolver.tsx[22m
[2m9:52:50 pm[22m [36m[1m[vite][22m[39m [90m[2m(client)[22m[39m [32mhmr update [39m[2m/src/pages/StepByStepProblemSolver.tsx, /src/index.css[22m
[2m9:53:26 pm[22m [36m[1m[vite][22m[39m [90m[2m(client)[22m[39m [32mhmr update [39m[2m/src/pages/StepByStepProblemSolver.tsx, /src/index.css[22m
[2m9:53:57 pm[22m [36m[1m[vite][22m[39m [90m[2m(client)[22m[39m [32mhmr update [39m[2m/src/pages/StepByStepProblemSolver.tsx, /src/index.css[22m
[2m9:54:17 pm[22m [36m[1m[vite][22m[39m [90m[2m(client)[22m[39m [32mhmr update [39m[2m/src/pages/StepByStepProblemSolver.tsx, /src/index.css[22m
[2m9:54:42 pm[22m [36m[1m[vite][22m[39m [90m[2m(client)[22m[39m [32mhmr update [39m[2m/src/pages/StepByStepProblemSolver.tsx, /src/index.css[22m
[2m9:54:57 pm[22m [36m[1m[vite][22m[39m [90m[2m(client)[22m[39m [32mhmr update [39m[2m/src/pages/StepByStepProblemSolver.tsx, /src/index.css[22m
[2m9:55:11 pm[22m [36m[1m[vite][22m[39m [90m[2m(client)[22m[39m [32mhmr update [39m[2m/src/pages/StepByStepProblemSolver.tsx, /src/index.css[22m
[2m9:55:21 pm[22m [36m[1m[vite][22m[39m [90m[2m(client)[22m[39m [32mhmr update [39m[2m/src/problem-solver/ProblemGraph.tsx, /src/index.css[22m
[2m9:55:34 pm[22m [36m[1m[vite][22m[39m [90m[2m(client)[22m[39m [32mhmr update [39m[2m/src/index.css, /src/pages/StepByStepProblemSolver.tsx[22m
[2m9:55:49 pm[22m [36m[1m[vite][22m[39m [90m[2m(client)[22m[39m [32mhmr update [39m[2m/src/index.css, /src/pages/StepByStepProblemSolver.tsx[22m
[2m9:56:08 pm[22m [36m[1m[vite][22m[39m [90m[2m(client)[22m[39m [32mhmr update [39m[2m/src/index.css, /src/pages/StepByStepProblemSolver.tsx[22m
[2m9:57:44 pm[22m [36m[1m[vite][22m[39m [90m[2m(client)[22m[39m [32mhmr update [39m[2m/src/pages/StepByStepProblemSolver.tsx, /src/index.css[22m
[2m9:57:54 pm[22m [36m[1m[vite][22m[39m [90m[2m(client)[22m[39m [32mhmr update [39m[2m/src/pages/StepByStepProblemSolver.tsx, /src/index.css[22m
[2m9:58:12 pm[22m [36m[1m[vite][22m[39m [90m[2m(client)[22m[39m [32mhmr update [39m[2m/src/pages/StepByStepProblemSolver.tsx, /src/index.css[22m
[2m9:58:29 pm[22m [36m[1m[vite][22m[39m [90m[2m(client)[22m[39m [32mpage reload [39m[2msrc/problem-solver/algebraStepSolver.test.ts[22m
[2m9:58:37 pm[22m [36m[1m[vite][22m[39m [90m[2m(client)[22m[39m [32mpage reload [39m[2msrc/problem-solver/expressionOperationSolver.test.ts[22m
[2m9:58:52 pm[22m [36m[1m[vite][22m[39m [90m[2m(client)[22m[39m [32mpage reload [39m[2msrc/problem-solver/problemClassifier.test.ts[22m
[2m9:59:23 pm[22m [36m[1m[vite][22m[39m [90m[2m(client)[22m[39m [32mpage reload [39m[2msrc/problem-solver/calculusSolver.test.ts[22m
[2m9:59:29 pm[22m [36m[1m[vite][22m[39m [90m[2m(client)[22m[39m [32mpage reload [39m[2msrc/problem-solver/calculusSolver.test.ts[22m
[2m10:00:06 pm[22m [36m[1m[vite][22m[39m [90m[2m(client)[22m[39m [32mpage reload [39m[2msrc/problem-solver/intelligence/mathRecognizer.test.ts[22m
[2m10:00:54 pm[22m [36m[1m[vite][22m[39m [90m[2m(client)[22m[39m [32mhmr update [39m[2m/src/pages/StepByStepProblemSolver.tsx, /src/index.css[22m
[2m10:00:59 pm[22m [36m[1m[vite][22m[39m [90m[2m(client)[22m[39m [32mhmr update [39m[2m/src/pages/StepByStepProblemSolver.tsx, /src/index.css[22m
[2m10:01:57 pm[22m [36m[1m[vite][22m[39m [90m[2m(client)[22m[39m [32mhmr update [39m[2m/src/pages/StepByStepProblemSolver.tsx, /src/index.css[22m
[2m10:02:06 pm[22m [36m[1m[vite][22m[39m [90m[2m(client)[22m[39m [32mpage reload [39m[2msrc/problem-solver/algebraStepSolver.test.ts[22m
[2m10:02:11 pm[22m [36m[1m[vite][22m[39m [90m[2m(client)[22m[39m [32mpage reload [39m[2msrc/problem-solver/problemClassifier.test.ts[22m
[2m10:02:22 pm[22m [36m[1m[vite][22m[39m [90m[2m(client)[22m[39m [32mpage reload [39m[2msrc/problem-solver/intelligence/mathRecognizer.test.ts[22m
[2m10:03:38 pm[22m [36m[1m[vite][22m[39m [90m[2m(client)[22m[39m [32mhmr update [39m[2m/src/pages/StepByStepProblemSolver.tsx, /src/index.css[22m
[2m10:03:38 pm[22m [36m[1m[vite][22m[39m [90m[2m(client)[22m[39m [32mhmr update [39m[2m/src/pages/StepByStepProblemSolver.tsx, /src/index.css[22m
[2m10:15:53 pm[22m [36m[1m[vite][22m[39m [90m[2m(client)[22m[39m [32mhmr update [39m[2m/src/index.css, /src/pages/StepByStepProblemSolver.tsx[22m
[2m10:16:07 pm[22m [36m[1m[vite][22m[39m [90m[2m(client)[22m[39m [32mhmr update [39m[2m/src/pages/StepByStepProblemSolver.tsx, /src/index.css[22m
[2m10:16:23 pm[22m [36m[1m[vite][22m[39m [90m[2m(client)[22m[39m [32mhmr update [39m[2m/src/pages/StepByStepProblemSolver.tsx, /src/index.css[22m
[2m10:17:01 pm[22m [36m[1m[vite][22m[39m [90m[2m(client)[22m[39m [32mpage reload [39m[2msrc/problem-solver/algebraStepSolver.test.ts[22m
[2m10:17:52 pm[22m [36m[1m[vite][22m[39m [90m[2m(client)[22m[39m [32mhmr update [39m[2m/src/index.css, /src/pages/StepByStepProblemSolver.tsx[22m
[2m10:18:00 pm[22m [36m[1m[vite][22m[39m [90m[2m(client)[22m[39m [32mhmr update [39m[2m/src/pages/StepByStepProblemSolver.tsx, /src/index.css[22m
[2m10:18:16 pm[22m [36m[1m[vite][22m[39m [90m[2m(client)[22m[39m [32mhmr update [39m[2m/src/index.css, /src/pages/StepByStepProblemSolver.tsx[22m
[2m10:20:25 pm[22m [36m[1m[vite][22m[39m [90m[2m(client)[22m[39m [32mhmr update [39m[2m/src/pages/StepByStepProblemSolver.tsx, /src/index.css[22m
[2m10:29:40 pm[22m [36m[1m[vite][22m[39m [90m[2m(client)[22m[39m [32mhmr update [39m[2m/src/index.css, /src/pages/MathWorkspace.tsx, /src/components/workspace/ObjectList.tsx, /src/components/workspace/InspectorPanel.tsx[22m
[2m10:31:02 pm[22m [36m[1m[vite][22m[39m [90m[2m(client)[22m[39m [32mhmr update [39m[2m/src/pages/StepByStepProblemSolver.tsx, /src/index.css[22m
[2m10:31:11 pm[22m [36m[1m[vite][22m[39m [90m[2m(client)[22m[39m [32mhmr update [39m[2m/src/pages/MathLabCasNotebook.tsx, /src/index.css[22m
[2m10:31:40 pm[22m [36m[1m[vite][22m[39m [90m[2m(client)[22m[39m [32mhmr update [39m[2m/src/pages/EngineeringMath.tsx, /src/index.css[22m
[2m10:31:50 pm[22m [36m[1m[vite][22m[39m [90m[2m(client)[22m[39m [32mhmr update [39m[2m/src/pages/FormulasWorkspace.tsx, /src/index.css[22m
[2m10:32:32 pm[22m [36m[1m[vite][22m[39m [90m[2m(client)[22m[39m [32mhmr update [39m[2m/src/pages/StepByStepProblemSolver.tsx, /src/index.css[22m
[2m10:33:36 pm[22m [36m[1m[vite][22m[39m [90m[2m(client)[22m[39m [32mhmr update [39m[2m/src/pages/MathLabCasNotebook.tsx, /src/index.css[22m
[2m10:34:13 pm[22m [36m[1m[vite][22m[39m [90m[2m(client)[22m[39m [32mhmr update [39m[2m/src/pages/FormulasWorkspace.tsx, /src/index.css[22m
[2m10:40:10 pm[22m [36m[1m[vite][22m[39m [90m[2m(client)[22m[39m [32mhmr update [39m[2m/src/index.css, /src/pages/MathWorkspace.tsx, /src/components/workspace/ObjectList.tsx, /src/components/workspace/InspectorPanel.tsx, /src/pages/StepByStepProblemSolver.tsx, /src/pages/MathLabGraphingCalculator.tsx, /src/pages/EngineeringMath.tsx, /src/pages/FormulasWorkspace.tsx[22m
[2m10:40:22 pm[22m [36m[1m[vite][22m[39m [90m[2m(client)[22m[39m [32mhmr update [39m[2m/src/index.css, /src/pages/MathWorkspace.tsx, /src/components/workspace/ObjectList.tsx, /src/components/workspace/InspectorPanel.tsx, /src/pages/StepByStepProblemSolver.tsx, /src/pages/MathLabGraphingCalculator.tsx, /src/pages/EngineeringMath.tsx, /src/pages/FormulasWorkspace.tsx[22m
[2m10:40:54 pm[22m [36m[1m[vite][22m[39m [90m[2m(client)[22m[39m [32mhmr update [39m[2m/src/index.css, /src/pages/MathWorkspace.tsx, /src/components/workspace/ObjectList.tsx, /src/components/workspace/InspectorPanel.tsx, /src/pages/StepByStepProblemSolver.tsx, /src/pages/MathLabGraphingCalculator.tsx, /src/pages/EngineeringMath.tsx, /src/pages/FormulasWorkspace.tsx[22m
[2m10:41:03 pm[22m [36m[1m[vite][22m[39m [90m[2m(client)[22m[39m [32mhmr update [39m[2m/src/index.css, /src/pages/MathWorkspace.tsx, /src/components/workspace/ObjectList.tsx, /src/components/workspace/InspectorPanel.tsx, /src/pages/StepByStepProblemSolver.tsx, /src/pages/MathLabGraphingCalculator.tsx, /src/pages/EngineeringMath.tsx, /src/pages/FormulasWorkspace.tsx[22m
[2m10:41:14 pm[22m [36m[1m[vite][22m[39m [90m[2m(client)[22m[39m [32mhmr update [39m[2m/src/index.css, /src/pages/MathWorkspace.tsx, /src/components/workspace/ObjectList.tsx, /src/components/workspace/InspectorPanel.tsx, /src/pages/StepByStepProblemSolver.tsx, /src/pages/MathLabGraphingCalculator.tsx, /src/pages/EngineeringMath.tsx, /src/pages/FormulasWorkspace.tsx[22m
[2m10:41:34 pm[22m [36m[1m[vite][22m[39m [90m[2m(client)[22m[39m [32mpage reload [39m[2msrc/workspace/constructionKernels.test.ts[22m
[2m10:41:43 pm[22m [36m[1m[vite][22m[39m [90m[2m(client)[22m[39m [32mpage reload [39m[2msrc/workspace/constructionKernels.test.ts[22m
[2m10:41:59 pm[22m [36m[1m[vite][22m[39m [90m[2m(client)[22m[39m [32mpage reload [39m[2msrc/workspace/geometry2dWorkspaceEngine.test.ts[22m
[2m10:43:25 pm[22m [36m[1m[vite][22m[39m [90m[2m(client)[22m[39m [32mhmr update [39m[2m/src/index.css, /src/pages/MathWorkspace.tsx, /src/components/workspace/ObjectList.tsx, /src/components/workspace/InspectorPanel.tsx, /src/pages/StepByStepProblemSolver.tsx, /src/pages/MathLabGraphingCalculator.tsx, /src/pages/EngineeringMath.tsx, /src/pages/FormulasWorkspace.tsx[22m
[2m10:46:01 pm[22m [36m[1m[vite][22m[39m [90m[2m(client)[22m[39m [32mhmr update [39m[2m/src/index.css, /src/pages/MathWorkspace.tsx, /src/components/workspace/ObjectList.tsx, /src/components/workspace/InspectorPanel.tsx, /src/pages/StepByStepProblemSolver.tsx, /src/pages/MathLabGraphingCalculator.tsx, /src/pages/EngineeringMath.tsx, /src/pages/FormulasWorkspace.tsx[22m
[2m10:50:16 pm[22m [36m[1m[vite][22m[39m [90m[2m(client)[22m[39m [32mhmr update [39m[2m/src/pages/MathLabCasNotebook.tsx, /src/index.css[22m
[2m10:50:26 pm[22m [36m[1m[vite][22m[39m [90m[2m(client)[22m[39m [32mpage reload [39m[2msrc/cas/casNotebookEngine.ts[22m
[2m10:57:22 pm[22m [36m[1m[vite][22m[39m [90m[2m(client)[22m[39m [32mpage reload [39m[2msrc/utils/mathEngine/probabilityUtils.ts[22m
[2m10:59:49 pm[22m [36m[1m[vite][22m[39m [90m[2m(client)[22m[39m [32mpage reload [39m[2msrc/problem-solver/graphingUtils.test.ts[22m
[2m11:03:41 pm[22m [36m[1m[vite][22m[39m [90m[2m(client)[22m[39m [32mhmr update [39m[2m/src/pages/EngineeringMath.tsx, /src/index.css[22m
[2m11:05:15 pm[22m [36m[1m[vite][22m[39m [90m[2m(client)[22m[39m [32mpage reload [39m[2msrc/components/engineering/EngineeringLiveSystemsPanel.tsx[22m
[2m11:09:16 pm[22m [36m[1m[vite][22m[39m [90m[2m(client)[22m[39m [32mhmr update [39m[2m/src/pages/StepByStepProblemSolver.tsx, /src/index.css, /src/pages/MathLabGraphingCalculator.tsx, /src/pages/EngineeringMath.tsx, /src/pages/FormulasWorkspace.tsx, /src/pages/MathLabCasNotebook.tsx[22m
[2m11:09:37 pm[22m [36m[1m[vite][22m[39m [90m[2m(client)[22m[39m [32mhmr update [39m[2m/src/components/engineering/EngineeringLiveSystemsPanel.tsx, /src/index.css[22m
[2m11:09:56 pm[22m [36m[1m[vite][22m[39m [90m[2m(client)[22m[39m [32mhmr update [39m[2m/src/pages/EngineeringMath.tsx, /src/index.css[22m
[2m11:10:10 pm[22m [36m[1m[vite][22m[39m [90m[2m(client)[22m[39m [32mpage reload [39m[2msrc/workspace/universalObjectGraph.test.ts[22m
[2m11:15:39 pm[22m [36m[1m[vite][22m[39m [90m[2m(client)[22m[39m [32mhmr update [39m[2m/src/index.css, /src/pages/StepByStepProblemSolver.tsx[22m
[2m11:15:55 pm[22m [36m[1m[vite][22m[39m [90m[2m(client)[22m[39m [32mhmr update [39m[2m/src/pages/StepByStepProblemSolver.tsx, /src/index.css[22m
[2m11:16:05 pm[22m [36m[1m[vite][22m[39m [90m[2m(client)[22m[39m [32mpage reload [39m[2msrc/problem-solver/resultCards.test.ts[22m
[2m11:31:04 pm[22m [36m[1m[vite][22m[39m [90m[2m(client)[22m[39m [32mhmr update [39m[2m/src/index.css, /src/pages/Home.tsx, /src/pages/EngineeringMath.tsx, /src/components/seo/SeoMetadata.tsx, /src/components/layout/Sidebar.tsx, /src/pages/AdvancedSyllabusLabPage.tsx, /src/pages/Syllabus.tsx, /src/components/syllabus/SyllabusTopicCard.tsx, /src/components/syllabus/UnitUpgradeDashboard.tsx, /src/components/syllabus/SyllabusFilterBar.tsx, /src/components/syllabus/SyllabusRoadmap.tsx, /src/components/syllabus/SmartSyllabusPlanner.tsx[22m
[2m11:31:04 pm[22m [36m[1m[vite][22m[39m [90m[2m(client)[22m[39m [33mhmr invalidate [39m[2m/src/components/layout/Sidebar.tsx[22m Could not Fast Refresh ("filterNavItems" export is incompatible). Learn more at https://github.com/vitejs/vite-plugin-react/tree/main/packages/plugin-react#consistent-components-exports
[2m11:31:04 pm[22m [36m[1m[vite][22m[39m [90m[2m(client)[22m[39m [32mhmr update [39m[2m/src/components/layout/AppLayout.tsx, /src/index.css[22m
[2m11:31:20 pm[22m [36m[1m[vite][22m[39m [90m[2m(client)[22m[39m [32mhmr update [39m[2m/src/index.css, /src/components/seo/SeoMetadata.tsx, /src/components/layout/Sidebar.tsx, /src/pages/AdvancedSyllabusLabPage.tsx, /src/pages/EngineeringMath.tsx, /src/pages/Syllabus.tsx, /src/components/syllabus/SyllabusTopicCard.tsx[22m
[2m11:31:20 pm[22m [36m[1m[vite][22m[39m [90m[2m(client)[22m[39m [33mhmr invalidate [39m[2m/src/components/layout/Sidebar.tsx[22m Could not Fast Refresh ("filterNavItems" export is incompatible). Learn more at https://github.com/vitejs/vite-plugin-react/tree/main/packages/plugin-react#consistent-components-exports
[2m11:31:20 pm[22m [36m[1m[vite][22m[39m [90m[2m(client)[22m[39m [32mhmr update [39m[2m/src/components/layout/AppLayout.tsx, /src/index.css[22m
[2m11:31:28 pm[22m [36m[1m[vite][22m[39m [90m[2m(client)[22m[39m [32mhmr update [39m[2m/src/index.css, /src/pages/Home.tsx, /src/pages/EngineeringMath.tsx, /src/components/seo/SeoMetadata.tsx, /src/components/layout/Sidebar.tsx, /src/pages/AdvancedSyllabusLabPage.tsx, /src/pages/Syllabus.tsx, /src/components/syllabus/SyllabusTopicCard.tsx, /src/components/syllabus/UnitUpgradeDashboard.tsx, /src/components/syllabus/SyllabusFilterBar.tsx, /src/components/syllabus/SyllabusRoadmap.tsx, /src/components/syllabus/SmartSyllabusPlanner.tsx[22m
[2m11:31:28 pm[22m [36m[1m[vite][22m[39m [90m[2m(client)[22m[39m [33mhmr invalidate [39m[2m/src/components/layout/Sidebar.tsx[22m Could not Fast Refresh ("filterNavItems" export is incompatible). Learn more at https://github.com/vitejs/vite-plugin-react/tree/main/packages/plugin-react#consistent-components-exports
[2m11:31:28 pm[22m [36m[1m[vite][22m[39m [90m[2m(client)[22m[39m [32mhmr update [39m[2m/src/components/layout/AppLayout.tsx, /src/index.css[22m
[2m11:33:13 pm[22m [36m[1m[vite][22m[39m [90m[2m(client)[22m[39m [32mhmr update [39m[2m/src/index.css, /src/pages/Home.tsx, /src/pages/EngineeringMath.tsx, /src/components/seo/SeoMetadata.tsx, /src/components/layout/Sidebar.tsx, /src/pages/AdvancedSyllabusLabPage.tsx, /src/pages/Syllabus.tsx, /src/components/syllabus/SyllabusTopicCard.tsx, /src/components/syllabus/UnitUpgradeDashboard.tsx, /src/components/syllabus/SyllabusFilterBar.tsx, /src/components/syllabus/SyllabusRoadmap.tsx, /src/components/syllabus/SmartSyllabusPlanner.tsx[22m
[2m11:33:13 pm[22m [36m[1m[vite][22m[39m [90m[2m(client)[22m[39m [33mhmr invalidate [39m[2m/src/components/layout/Sidebar.tsx[22m Could not Fast Refresh ("filterNavItems" export is incompatible). Learn more at https://github.com/vitejs/vite-plugin-react/tree/main/packages/plugin-react#consistent-components-exports
[2m11:33:13 pm[22m [36m[1m[vite][22m[39m [90m[2m(client)[22m[39m [32mhmr update [39m[2m/src/components/layout/AppLayout.tsx, /src/index.css[22m
[2m11:33:36 pm[22m [36m[1m[vite][22m[39m [90m[2m(client)[22m[39m [32mhmr update [39m[2m/src/index.css, /src/pages/Home.tsx, /src/pages/EngineeringMath.tsx, /src/components/seo/SeoMetadata.tsx, /src/components/layout/Sidebar.tsx, /src/pages/AdvancedSyllabusLabPage.tsx, /src/pages/Syllabus.tsx, /src/components/syllabus/SyllabusTopicCard.tsx, /src/components/syllabus/UnitUpgradeDashboard.tsx, /src/components/syllabus/SyllabusFilterBar.tsx, /src/components/syllabus/SyllabusRoadmap.tsx, /src/components/syllabus/SmartSyllabusPlanner.tsx[22m
[2m11:33:36 pm[22m [36m[1m[vite][22m[39m [90m[2m(client)[22m[39m [33mhmr invalidate [39m[2m/src/components/layout/Sidebar.tsx[22m Could not Fast Refresh ("filterNavItems" export is incompatible). Learn more at https://github.com/vitejs/vite-plugin-react/tree/main/packages/plugin-react#consistent-components-exports
[2m11:33:36 pm[22m [36m[1m[vite][22m[39m [90m[2m(client)[22m[39m [32mhmr update [39m[2m/src/components/layout/AppLayout.tsx, /src/index.css[22m
[2m11:34:05 pm[22m [36m[1m[vite][22m[39m [90m[2m(client)[22m[39m [32mhmr update [39m[2m/src/index.css, /src/pages/Home.tsx, /src/pages/EngineeringMath.tsx, /src/components/seo/SeoMetadata.tsx, /src/components/layout/Sidebar.tsx, /src/pages/AdvancedSyllabusLabPage.tsx, /src/pages/Syllabus.tsx, /src/components/syllabus/SyllabusTopicCard.tsx, /src/components/syllabus/UnitUpgradeDashboard.tsx, /src/components/syllabus/SyllabusFilterBar.tsx, /src/components/syllabus/SyllabusRoadmap.tsx, /src/components/syllabus/SmartSyllabusPlanner.tsx[22m
[2m11:34:05 pm[22m [36m[1m[vite][22m[39m [90m[2m(client)[22m[39m [33mhmr invalidate [39m[2m/src/components/layout/Sidebar.tsx[22m Could not Fast Refresh ("filterNavItems" export is incompatible). Learn more at https://github.com/vitejs/vite-plugin-react/tree/main/packages/plugin-react#consistent-components-exports
[2m11:34:05 pm[22m [36m[1m[vite][22m[39m [90m[2m(client)[22m[39m [32mhmr update [39m[2m/src/components/layout/AppLayout.tsx, /src/index.css[22m
[2m11:41:08 pm[22m [36m[1m[vite][22m[39m [90m[2m(client)[22m[39m [32mhmr update [39m[2m/src/pages/StepByStepProblemSolver.tsx, /src/index.css[22m
[2m11:44:54 pm[22m [36m[1m[vite][22m[39m [90m[2m(client)[22m[39m [32mhmr update [39m[2m/src/pages/StepByStepProblemSolver.tsx, /src/index.css[22m
[2m11:45:08 pm[22m [36m[1m[vite][22m[39m [90m[2m(client)[22m[39m [32mhmr update [39m[2m/src/pages/StepByStepProblemSolver.tsx, /src/index.css[22m
[2m11:45:14 pm[22m [36m[1m[vite][22m[39m [90m[2m(client)[22m[39m [32mhmr update [39m[2m/src/pages/StepByStepProblemSolver.tsx, /src/index.css[22m
[2m11:45:18 pm[22m [36m[1m[vite][22m[39m [90m[2m(client)[22m[39m [32mpage reload [39m[2msrc/problem-solver/problemClassifier.test.ts[22m
[2m11:45:23 pm[22m [36m[1m[vite][22m[39m [90m[2m(client)[22m[39m [32mpage reload [39m[2msrc/problem-solver/expressionOperationSolver.test.ts[22m
[2m11:45:47 pm[22m [36m[1m[vite][22m[39m [90m[2m(client)[22m[39m [32mhmr update [39m[2m/src/pages/StepByStepProblemSolver.tsx, /src/index.css[22m
[2m11:45:58 pm[22m [36m[1m[vite][22m[39m [90m[2m(client)[22m[39m [32mhmr update [39m[2m/src/pages/StepByStepProblemSolver.tsx, /src/index.css[22m
[2m11:46:02 pm[22m [36m[1m[vite][22m[39m [90m[2m(client)[22m[39m [32mpage reload [39m[2msrc/problem-solver/problemClassifier.test.ts[22m
[2m11:46:07 pm[22m [36m[1m[vite][22m[39m [90m[2m(client)[22m[39m [32mpage reload [39m[2msrc/problem-solver/expressionOperationSolver.test.ts[22m
[2m11:50:15 pm[22m [36m[1m[vite][22m[39m [90m[2m(client)[22m[39m [32mhmr update [39m[2m/src/App.tsx, /src/index.css[22m
[2m11:50:20 pm[22m [36m[1m[vite][22m[39m [90m[2m(client)[22m[39m [32mhmr update [39m[2m/src/components/layout/AppLayout.tsx, /src/index.css, /src/components/layout/MobileNav.tsx, /src/components/layout/Sidebar.tsx, /src/components/layout/GlobalUx.tsx, /src/pages/Home.tsx[22m
[2m11:50:20 pm[22m [36m[1m[vite][22m[39m [90m[2m(client)[22m[39m [33mhmr invalidate [39m[2m/src/components/layout/Sidebar.tsx[22m Could not Fast Refresh ("filterNavItems" export is incompatible). Learn more at https://github.com/vitejs/vite-plugin-react/tree/main/packages/plugin-react#consistent-components-exports
[2m11:50:20 pm[22m [36m[1m[vite][22m[39m [90m[2m(client)[22m[39m [32mhmr update [39m[2m/src/components/layout/AppLayout.tsx, /src/index.css[22m
[2m11:50:20 pm[22m [36m[1m[vite][22m[39m [90m[2m(client)[22m[39m [33mhmr invalidate [39m[2m/src/components/layout/GlobalUx.tsx[22m Could not Fast Refresh ("addQuizXp" export is incompatible). Learn more at https://github.com/vitejs/vite-plugin-react/tree/main/packages/plugin-react#consistent-components-exports
[2m11:50:20 pm[22m [36m[1m[vite][22m[39m [90m[2m(client)[22m[39m [32mhmr update [39m[2m/src/components/layout/AppLayout.tsx, /src/index.css, /src/components/layout/Header.tsx, /src/components/layout/MobileLearningDock.tsx, /src/pages/Home.tsx[22m
[2m11:50:24 pm[22m [36m[1m[vite][22m[39m [90m[2m(client)[22m[39m [32mhmr update [39m[2m/src/pages/StepByStepProblemSolver.tsx, /src/index.css[22m
[2m11:50:29 pm[22m [36m[1m[vite][22m[39m [90m[2m(client)[22m[39m [32mhmr update [39m[2m/src/components/seo/SeoMetadata.tsx, /src/index.css, /src/components/layout/Sidebar.tsx[22m
[2m11:50:30 pm[22m [36m[1m[vite][22m[39m [90m[2m(client)[22m[39m [33mhmr invalidate [39m[2m/src/components/layout/Sidebar.tsx[22m Could not Fast Refresh ("filterNavItems" export is incompatible). Learn more at https://github.com/vitejs/vite-plugin-react/tree/main/packages/plugin-react#consistent-components-exports
[2m11:50:30 pm[22m [36m[1m[vite][22m[39m [90m[2m(client)[22m[39m [32mhmr update [39m[2m/src/components/layout/AppLayout.tsx, /src/index.css[22m
[2m11:53:00 pm[22m [36m[1m[vite][22m[39m [90m[2m(client)[22m[39m [32mhmr update [39m[2m/src/pages/MathWorkspace.tsx, /src/index.css[22m
[2m11:53:51 pm[22m [36m[1m[vite][22m[39m [90m[2m(client)[22m[39m [32mhmr update [39m[2m/src/pages/MathWorkspace.tsx, /src/index.css[22m
[2m5:57:26 pm[22m [36m[1m[vite][22m[39m [90m[2m(client)[22m[39m [32mhmr update [39m[2m/src/App.tsx, /src/index.css[22m
[2m5:57:33 pm[22m [36m[1m[vite][22m[39m [90m[2m(client)[22m[39m [32mhmr update [39m[2m/src/components/layout/AppLayout.tsx, /src/index.css, /src/components/layout/MobileNav.tsx, /src/components/layout/Sidebar.tsx, /src/components/layout/GlobalUx.tsx, /src/pages/Home.tsx[22m
[2m5:57:44 pm[22m [36m[1m[vite][22m[39m [90m[2m(client)[22m[39m [32mhmr update [39m[2m/src/components/seo/SeoMetadata.tsx, /src/index.css, /src/components/layout/Sidebar.tsx[22m
[2m6:06:10 pm[22m [36m[1m[vite][22m[39m [90m[2m(client)[22m[39m [32mhmr update [39m[2m/src/App.tsx, /src/index.css[22m
[2m6:06:18 pm[22m [36m[1m[vite][22m[39m [90m[2m(client)[22m[39m [32mhmr update [39m[2m/src/components/layout/AppLayout.tsx, /src/index.css, /src/components/layout/MobileNav.tsx, /src/components/layout/Sidebar.tsx, /src/components/layout/GlobalUx.tsx, /src/pages/Home.tsx[22m
[2m6:06:18 pm[22m [36m[1m[vite][22m[39m [90m[2m(client)[22m[39m [32mhmr update [39m[2m/src/components/seo/SeoMetadata.tsx, /src/index.css, /src/components/layout/Sidebar.tsx[22m
[2m6:47:10 pm[22m [36m[1m[vite][22m[39m [90m[2m(client)[22m[39m [32mhmr update [39m[2m/src/components/ui/VisualLearningPanel.tsx, /src/index.css[22m
[2m6:48:00 pm[22m [36m[1m[vite][22m[39m [90m[2m(client)[22m[39m [32mpage reload [39m[2msrc/visualizations/geometry/GeometryTheoremVisualizers.tsx[22m
[2m6:48:39 pm[22m [36m[1m[vite][22m[39m [90m[2m(client)[22m[39m [32mpage reload [39m[2msrc/visualizations/geometry/PythagorasVisualizer.tsx[22m
[2m7:31:00 pm[22m [36m[1m[vite][22m[39m [90m[2m(client)[22m[39m [32mpage reload [39m[2msrc/visualizations/geometry/GeometryTheoremVisualizers.tsx[22m
[2m7:31:43 pm[22m [36m[1m[vite][22m[39m [90m[2m(client)[22m[39m [32mpage reload [39m[2msrc/visualizations/geometry/GeometryTheoremVisualizers.tsx[22m
[2m7:32:03 pm[22m [36m[1m[vite][22m[39m [90m[2m(client)[22m[39m [32mpage reload [39m[2msrc/visualizations/geometry/GeometryTheoremVisualizers.tsx[22m
[2m7:34:34 pm[22m [36m[1m[vite][22m[39m [90m[2m(client)[22m[39m [32mpage reload [39m[2msrc/visualizations/geometry/GeometryTheoremVisualizers.tsx[22m
[2m7:36:40 pm[22m [36m[1m[vite][22m[39m [90m[2m(client)[22m[39m [32mpage reload [39m[2msrc/visualizations/geometry/GeometryTheoremVisualizers.tsx[22m
[2m7:37:01 pm[22m [36m[1m[vite][22m[39m [90m[2m(client)[22m[39m [32mpage reload [39m[2msrc/visualizations/geometry/GeometryTheoremVisualizers.tsx[22m
[2m7:38:15 pm[22m [36m[1m[vite][22m[39m [90m[2m(client)[22m[39m [32mpage reload [39m[2msrc/visualizations/geometry/GeometryTheoremVisualizers.tsx[22m
[2m7:38:34 pm[22m [36m[1m[vite][22m[39m [90m[2m(client)[22m[39m [32mpage reload [39m[2msrc/visualizations/geometry/GeometryTheoremVisualizers.tsx[22m
[2m7:41:31 pm[22m [36m[1m[vite][22m[39m [90m[2m(client)[22m[39m [32mpage reload [39m[2msrc/visualizations/geometry/GeometryTheoremVisualizers.tsx[22m
[2m7:41:41 pm[22m [36m[1m[vite][22m[39m [90m[2m(client)[22m[39m [32mpage reload [39m[2msrc/visualizations/geometry/GeometryTheoremVisualizers.tsx[22m
[2m7:42:06 pm[22m [36m[1m[vite][22m[39m [90m[2m(client)[22m[39m [32mpage reload [39m[2msrc/visualizations/geometry/GeometryTheoremVisualizers.tsx[22m
[2m7:42:43 pm[22m [36m[1m[vite][22m[39m [90m[2m(client)[22m[39m [32mpage reload [39m[2msrc/visualizations/geometry/GeometryTheoremVisualizers.tsx[22m
[2m7:49:03 pm[22m [36m[1m[vite][22m[39m [90m[2m(client)[22m[39m [32mpage reload [39m[2msrc/visualizations/geometry/GeometryTheoremVisualizers.tsx[22m
[2m7:49:18 pm[22m [36m[1m[vite][22m[39m [90m[2m(client)[22m[39m [32mpage reload [39m[2msrc/visualizations/geometry/GeometryTheoremVisualizers.tsx[22m
[2m10:22:16 pm[22m [36m[1m[vite][22m[39m [90m[2m(client)[22m[39m [32mpage reload [39m[2msrc/visualizations/trigonometry/TrigonometricFunctionsVisualizer.tsx[22m
[2m10:22:48 pm[22m [36m[1m[vite][22m[39m [90m[2m(client)[22m[39m [32mpage reload [39m[2msrc/visualizations/trigonometry/TrigonometricFunctionsVisualizer.tsx[22m
[2m10:23:15 pm[22m [36m[1m[vite][22m[39m [90m[2m(client)[22m[39m [32mpage reload [39m[2msrc/visualizations/trigonometry/TrigonometricFunctionsVisualizer.tsx[22m
[2m10:25:48 pm[22m [36m[1m[vite][22m[39m [90m[2m(client)[22m[39m [32mpage reload [39m[2msrc/visualizations/trigonometry/TrigonometricFunctionsVisualizer.tsx[22m
[2m10:28:42 pm[22m [36m[1m[vite][22m[39m [90m[2m(client)[22m[39m [32mhmr update [39m[2m/src/pages/MathWorkspace.tsx, /src/index.css[22m
[2m10:28:47 pm[22m [36m[1m[vite][22m[39m [90m[2m(client)[22m[39m [32mhmr update [39m[2m/src/pages/MathWorkspace.tsx, /src/index.css[22m
[2m10:28:51 pm[22m [36m[1m[vite][22m[39m [90m[2m(client)[22m[39m [32mhmr update [39m[2m/src/pages/MathWorkspace.tsx, /src/index.css[22m
[2m10:28:58 pm[22m [36m[1m[vite][22m[39m [90m[2m(client)[22m[39m [32mhmr update [39m[2m/src/pages/MathWorkspace.tsx, /src/index.css[22m
[2m10:29:05 pm[22m [36m[1m[vite][22m[39m [90m[2m(client)[22m[39m [32mhmr update [39m[2m/src/pages/MathWorkspace.tsx, /src/index.css[22m
[2m10:29:11 pm[22m [36m[1m[vite][22m[39m [90m[2m(client)[22m[39m [32mhmr update [39m[2m/src/pages/MathWorkspace.tsx, /src/index.css[22m
[2m10:29:17 pm[22m [36m[1m[vite][22m[39m [90m[2m(client)[22m[39m [32mhmr update [39m[2m/src/pages/MathWorkspace.tsx, /src/index.css[22m
[2m10:29:32 pm[22m [36m[1m[vite][22m[39m [90m[2m(client)[22m[39m [32mhmr update [39m[2m/src/pages/MathWorkspace.tsx, /src/index.css[22m
[2m10:29:39 pm[22m [36m[1m[vite][22m[39m [90m[2m(client)[22m[39m [32mhmr update [39m[2m/src/pages/MathWorkspace.tsx, /src/index.css[22m
[2m10:29:44 pm[22m [36m[1m[vite][22m[39m [90m[2m(client)[22m[39m [32mhmr update [39m[2m/src/pages/MathWorkspace.tsx, /src/index.css[22m
[2m10:29:48 pm[22m [36m[1m[vite][22m[39m [90m[2m(client)[22m[39m [32mhmr update [39m[2m/src/pages/MathWorkspace.tsx, /src/index.css[22m
[2m10:33:25 pm[22m [36m[1m[vite][22m[39m [90m[2m(client)[22m[39m [32mhmr update [39m[2m/src/pages/MathWorkspace.tsx, /src/index.css[22m
[2m10:33:51 pm[22m [36m[1m[vite][22m[39m [90m[2m(client)[22m[39m [32mhmr update [39m[2m/src/pages/MathWorkspace.tsx, /src/index.css[22m
[2m10:38:11 pm[22m [36m[1m[vite][22m[39m [90m[2m(client)[22m[39m [32mhmr update [39m[2m/src/components/layout/AppLayout.tsx, /src/index.css, /src/components/layout/MobileNav.tsx, /src/components/layout/Sidebar.tsx, /src/components/layout/GlobalUx.tsx, /src/pages/Home.tsx[22m
[2m10:38:24 pm[22m [36m[1m[vite][22m[39m [90m[2m(client)[22m[39m [32mhmr update [39m[2m/src/components/seo/SeoMetadata.tsx, /src/index.css, /src/components/layout/Sidebar.tsx[22m
[2m10:41:40 pm[22m [36m[1m[vite][22m[39m [90m[2m(client)[22m[39m [32mhmr update [39m[2m/src/components/layout/AppLayout.tsx, /src/index.css, /src/components/layout/MobileNav.tsx, /src/components/layout/Sidebar.tsx, /src/components/layout/GlobalUx.tsx, /src/pages/Home.tsx[22m
[2m10:42:02 pm[22m [36m[1m[vite][22m[39m [90m[2m(client)[22m[39m [32mhmr update [39m[2m/src/components/layout/AppLayout.tsx, /src/index.css, /src/components/layout/MobileNav.tsx, /src/components/layout/Sidebar.tsx, /src/components/layout/GlobalUx.tsx, /src/pages/Home.tsx[22m
[2m10:42:22 pm[22m [36m[1m[vite][22m[39m [90m[2m(client)[22m[39m [32mhmr update [39m[2m/src/components/layout/AppLayout.tsx, /src/index.css, /src/components/layout/MobileNav.tsx, /src/components/layout/Sidebar.tsx, /src/components/layout/GlobalUx.tsx, /src/pages/Home.tsx[22m
[2m10:42:33 pm[22m [36m[1m[vite][22m[39m [90m[2m(client)[22m[39m [32mhmr update [39m[2m/src/components/layout/AppLayout.tsx, /src/index.css, /src/components/layout/MobileNav.tsx, /src/components/layout/Sidebar.tsx, /src/components/layout/GlobalUx.tsx, /src/pages/Home.tsx[22m
[2m10:43:43 pm[22m [36m[1m[vite][22m[39m [90m[2m(client)[22m[39m [32mhmr update [39m[2m/src/components/layout/AppLayout.tsx, /src/index.css, /src/components/layout/MobileNav.tsx, /src/components/layout/Sidebar.tsx, /src/components/layout/GlobalUx.tsx, /src/pages/Home.tsx[22m
[2m10:43:54 pm[22m [36m[1m[vite][22m[39m [90m[2m(client)[22m[39m [32mhmr update [39m[2m/src/components/layout/AppLayout.tsx, /src/index.css, /src/components/layout/MobileNav.tsx, /src/components/layout/Sidebar.tsx, /src/components/layout/GlobalUx.tsx, /src/pages/Home.tsx[22m
[2m10:46:29 pm[22m [36m[1m[vite][22m[39m [90m[2m(client)[22m[39m [32mhmr update [39m[2m/src/pages/MathWorkspace.tsx, /src/index.css[22m
[2m10:46:42 pm[22m [36m[1m[vite][22m[39m [90m[2m(client)[22m[39m [32mhmr update [39m[2m/src/pages/MathWorkspace.tsx, /src/index.css[22m
[2m10:46:53 pm[22m [36m[1m[vite][22m[39m [90m[2m(client)[22m[39m [32mhmr update [39m[2m/src/pages/MathWorkspace.tsx, /src/index.css[22m
[2m10:46:58 pm[22m [36m[1m[vite][22m[39m [90m[2m(client)[22m[39m [32mhmr update [39m[2m/src/pages/MathWorkspace.tsx, /src/index.css[22m
[2m10:47:18 pm[22m [36m[1m[vite][22m[39m [90m[2m(client)[22m[39m [32mhmr update [39m[2m/src/pages/MathWorkspace.tsx, /src/index.css[22m
[2m10:47:31 pm[22m [36m[1m[vite][22m[39m [90m[2m(client)[22m[39m [32mhmr update [39m[2m/src/pages/MathWorkspace.tsx, /src/index.css[22m
[2m10:47:40 pm[22m [36m[1m[vite][22m[39m [90m[2m(client)[22m[39m [32mhmr update [39m[2m/src/pages/MathWorkspace.tsx, /src/index.css[22m
